============================================================================================== 
Warning! Mixing Conda and module environments may lead to corruption of the
user environment. 
We do not recommend users mixing those two environments unless absolutely
necessary. Note that 
SURF does not provide any support for Conda environment.
For more information, please refer to our software policy page:
https://servicedesk.surf.nl/wiki/display/WIKI/Software+policy+Snellius#SoftwarepolicySnellius-UseofAnacondaandMinicondaenvironmentsonSnellius 

Remember that many packages have already been installed on the system and can
be loaded using 
the 'module load <package__name>' command. If you are uncertain if a package is
already available 
on the system, please use 'module avail' or 'module spider' to search for it.
============================================================================================== 
Already up to date.
Collecting package metadata (current_repodata.json): ...working... done
Solving environment: ...working... done


==> WARNING: A newer version of conda exists. <==
  current version: 4.12.0
  latest version: 24.5.0

Please update conda by running

    $ conda update -n base -c defaults conda



## Package Plan ##

  environment location: /home/jhuizing/.conda/envs/mvcontroljune6

  added / updated specs:
    - pip
    - python=3.8


The following NEW packages will be INSTALLED:

  _libgcc_mutex      pkgs/main/linux-64::_libgcc_mutex-0.1-main
  _openmp_mutex      pkgs/main/linux-64::_openmp_mutex-5.1-1_gnu
  ca-certificates    pkgs/main/linux-64::ca-certificates-2024.3.11-h06a4308_0
  ld_impl_linux-64   pkgs/main/linux-64::ld_impl_linux-64-2.38-h1181459_1
  libffi             pkgs/main/linux-64::libffi-3.4.4-h6a678d5_1
  libgcc-ng          pkgs/main/linux-64::libgcc-ng-11.2.0-h1234567_1
  libgomp            pkgs/main/linux-64::libgomp-11.2.0-h1234567_1
  libstdcxx-ng       pkgs/main/linux-64::libstdcxx-ng-11.2.0-h1234567_1
  ncurses            pkgs/main/linux-64::ncurses-6.4-h6a678d5_0
  openssl            pkgs/main/linux-64::openssl-3.0.13-h7f8727e_2
  pip                pkgs/main/linux-64::pip-24.0-py38h06a4308_0
  python             pkgs/main/linux-64::python-3.8.19-h955ad1f_0
  readline           pkgs/main/linux-64::readline-8.2-h5eee18b_0
  setuptools         pkgs/main/linux-64::setuptools-69.5.1-py38h06a4308_0
  sqlite             pkgs/main/linux-64::sqlite-3.45.3-h5eee18b_0
  tk                 pkgs/main/linux-64::tk-8.6.14-h39e8969_0
  wheel              pkgs/main/linux-64::wheel-0.43.0-py38h06a4308_0
  xz                 pkgs/main/linux-64::xz-5.4.6-h5eee18b_1
  zlib               pkgs/main/linux-64::zlib-1.2.13-h5eee18b_1


Proceed ([y]/n)? 
Preparing transaction: ...working... done
Verifying transaction: ...working... done
Executing transaction: ...working... done
#
# To activate this environment, use
#
#     $ conda activate mvcontroljune6
#
# To deactivate an active environment, use
#
#     $ conda deactivate

üöÄ installing torchvision
Looking in indexes: https://download.pytorch.org/whl/cu118
Collecting torch
  Downloading https://download.pytorch.org/whl/cu118/torch-2.3.1%2Bcu118-cp38-cp38-linux_x86_64.whl (839.6 MB)
     ‚îÅ‚îÅ‚îÅ‚îÅ‚îÅ‚îÅ‚îÅ‚îÅ‚îÅ‚îÅ‚îÅ‚îÅ‚îÅ‚îÅ‚îÅ‚îÅ‚îÅ‚îÅ‚îÅ‚îÅ‚îÅ‚îÅ‚îÅ‚îÅ‚îÅ‚îÅ‚îÅ‚îÅ‚îÅ‚îÅ‚îÅ‚îÅ‚îÅ‚îÅ‚îÅ‚îÅ‚îÅ‚îÅ‚îÅ 839.6/839.6 MB 3.0 MB/s eta 0:00:00
Collecting torchvision
  Downloading https://download.pytorch.org/whl/cu118/torchvision-0.18.1%2Bcu118-cp38-cp38-linux_x86_64.whl (6.3 MB)
     ‚îÅ‚îÅ‚îÅ‚îÅ‚îÅ‚îÅ‚îÅ‚îÅ‚îÅ‚îÅ‚îÅ‚îÅ‚îÅ‚îÅ‚îÅ‚îÅ‚îÅ‚îÅ‚îÅ‚îÅ‚îÅ‚îÅ‚îÅ‚îÅ‚îÅ‚îÅ‚îÅ‚îÅ‚îÅ‚îÅ‚îÅ‚îÅ‚îÅ‚îÅ‚îÅ‚îÅ‚îÅ‚îÅ‚îÅ‚îÅ 6.3/6.3 MB 79.2 MB/s eta 0:00:00
Collecting filelock (from torch)
  Using cached https://download.pytorch.org/whl/filelock-3.13.1-py3-none-any.whl (11 kB)
Collecting typing-extensions>=4.8.0 (from torch)
  Using cached https://download.pytorch.org/whl/typing_extensions-4.9.0-py3-none-any.whl (32 kB)
Collecting sympy (from torch)
  Using cached https://download.pytorch.org/whl/sympy-1.12-py3-none-any.whl (5.7 MB)
Collecting networkx (from torch)
  Using cached https://download.pytorch.org/whl/networkx-3.2.1-py3-none-any.whl (1.6 MB)
Collecting jinja2 (from torch)
  Using cached https://download.pytorch.org/whl/Jinja2-3.1.3-py3-none-any.whl (133 kB)
Collecting fsspec (from torch)
  Using cached https://download.pytorch.org/whl/fsspec-2024.2.0-py3-none-any.whl (170 kB)
Collecting nvidia-cuda-nvrtc-cu11==11.8.89 (from torch)
  Using cached https://download.pytorch.org/whl/cu118/nvidia_cuda_nvrtc_cu11-11.8.89-py3-none-manylinux1_x86_64.whl (23.2 MB)
Collecting nvidia-cuda-runtime-cu11==11.8.89 (from torch)
  Using cached https://download.pytorch.org/whl/cu118/nvidia_cuda_runtime_cu11-11.8.89-py3-none-manylinux1_x86_64.whl (875 kB)
Collecting nvidia-cuda-cupti-cu11==11.8.87 (from torch)
  Using cached https://download.pytorch.org/whl/cu118/nvidia_cuda_cupti_cu11-11.8.87-py3-none-manylinux1_x86_64.whl (13.1 MB)
Collecting nvidia-cudnn-cu11==8.7.0.84 (from torch)
  Using cached https://download.pytorch.org/whl/cu118/nvidia_cudnn_cu11-8.7.0.84-py3-none-manylinux1_x86_64.whl (728.5 MB)
Collecting nvidia-cublas-cu11==11.11.3.6 (from torch)
  Using cached https://download.pytorch.org/whl/cu118/nvidia_cublas_cu11-11.11.3.6-py3-none-manylinux1_x86_64.whl (417.9 MB)
Collecting nvidia-cufft-cu11==10.9.0.58 (from torch)
  Using cached https://download.pytorch.org/whl/cu118/nvidia_cufft_cu11-10.9.0.58-py3-none-manylinux1_x86_64.whl (168.4 MB)
Collecting nvidia-curand-cu11==10.3.0.86 (from torch)
  Using cached https://download.pytorch.org/whl/cu118/nvidia_curand_cu11-10.3.0.86-py3-none-manylinux1_x86_64.whl (58.1 MB)
Collecting nvidia-cusolver-cu11==11.4.1.48 (from torch)
  Using cached https://download.pytorch.org/whl/cu118/nvidia_cusolver_cu11-11.4.1.48-py3-none-manylinux1_x86_64.whl (128.2 MB)
Collecting nvidia-cusparse-cu11==11.7.5.86 (from torch)
  Using cached https://download.pytorch.org/whl/cu118/nvidia_cusparse_cu11-11.7.5.86-py3-none-manylinux1_x86_64.whl (204.1 MB)
Collecting nvidia-nccl-cu11==2.20.5 (from torch)
  Using cached https://download.pytorch.org/whl/cu118/nvidia_nccl_cu11-2.20.5-py3-none-manylinux2014_x86_64.whl (142.9 MB)
Collecting nvidia-nvtx-cu11==11.8.86 (from torch)
  Using cached https://download.pytorch.org/whl/cu118/nvidia_nvtx_cu11-11.8.86-py3-none-manylinux1_x86_64.whl (99 kB)
Collecting triton==2.3.1 (from torch)
  Downloading https://download.pytorch.org/whl/triton-2.3.1-cp38-cp38-manylinux_2_17_x86_64.manylinux2014_x86_64.whl (168.0 MB)
     ‚îÅ‚îÅ‚îÅ‚îÅ‚îÅ‚îÅ‚îÅ‚îÅ‚îÅ‚îÅ‚îÅ‚îÅ‚îÅ‚îÅ‚îÅ‚îÅ‚îÅ‚îÅ‚îÅ‚îÅ‚îÅ‚îÅ‚îÅ‚îÅ‚îÅ‚îÅ‚îÅ‚îÅ‚îÅ‚îÅ‚îÅ‚îÅ‚îÅ‚îÅ‚îÅ‚îÅ‚îÅ‚îÅ 168.0/168.0 MB 12.9 MB/s eta 0:00:00
Collecting numpy (from torchvision)
  Using cached https://download.pytorch.org/whl/numpy-1.24.1-cp38-cp38-manylinux_2_17_x86_64.manylinux2014_x86_64.whl (17.3 MB)
Collecting pillow!=8.3.*,>=5.3.0 (from torchvision)
  Using cached https://download.pytorch.org/whl/pillow-10.2.0-cp38-cp38-manylinux_2_28_x86_64.whl (4.5 MB)
Collecting MarkupSafe>=2.0 (from jinja2->torch)
  Using cached https://download.pytorch.org/whl/MarkupSafe-2.1.5-cp38-cp38-manylinux_2_17_x86_64.manylinux2014_x86_64.whl (26 kB)
INFO: pip is looking at multiple versions of networkx to determine which version is compatible with other requirements. This could take a while.
Collecting networkx (from torch)
  Using cached https://download.pytorch.org/whl/networkx-3.0-py3-none-any.whl (2.0 MB)
Collecting mpmath>=0.19 (from sympy->torch)
  Using cached https://download.pytorch.org/whl/mpmath-1.3.0-py3-none-any.whl (536 kB)
Installing collected packages: mpmath, typing-extensions, sympy, pillow, nvidia-nvtx-cu11, nvidia-nccl-cu11, nvidia-cusparse-cu11, nvidia-curand-cu11, nvidia-cufft-cu11, nvidia-cuda-runtime-cu11, nvidia-cuda-nvrtc-cu11, nvidia-cuda-cupti-cu11, nvidia-cublas-cu11, numpy, networkx, MarkupSafe, fsspec, filelock, triton, nvidia-cusolver-cu11, nvidia-cudnn-cu11, jinja2, torch, torchvision
Successfully installed MarkupSafe-2.1.5 filelock-3.13.1 fsspec-2024.2.0 jinja2-3.1.3 mpmath-1.3.0 networkx-3.0 numpy-1.24.1 nvidia-cublas-cu11-11.11.3.6 nvidia-cuda-cupti-cu11-11.8.87 nvidia-cuda-nvrtc-cu11-11.8.89 nvidia-cuda-runtime-cu11-11.8.89 nvidia-cudnn-cu11-8.7.0.84 nvidia-cufft-cu11-10.9.0.58 nvidia-curand-cu11-10.3.0.86 nvidia-cusolver-cu11-11.4.1.48 nvidia-cusparse-cu11-11.7.5.86 nvidia-nccl-cu11-2.20.5 nvidia-nvtx-cu11-11.8.86 pillow-10.2.0 sympy-1.12 torch-2.3.1+cu118 torchvision-0.18.1+cu118 triton-2.3.1 typing-extensions-4.9.0
‚úÖ installed torchvision
üöÄ installing ninja
Collecting ninja
  Using cached ninja-1.11.1.1-py2.py3-none-manylinux1_x86_64.manylinux_2_5_x86_64.whl.metadata (5.3 kB)
Using cached ninja-1.11.1.1-py2.py3-none-manylinux1_x86_64.manylinux_2_5_x86_64.whl (307 kB)
Installing collected packages: ninja
Successfully installed ninja-1.11.1.1
‚úÖ installed ninja
üöÄ installing reqs
Collecting git+https://github.com/KAIR-BAIR/nerfacc.git@v0.5.2 (from -r requirements.txt (line 5))
  Cloning https://github.com/KAIR-BAIR/nerfacc.git (to revision v0.5.2) to /gpfs/scratch1/nodespecific/gcn18/jhuizing.6523571/pip-req-build-k0w00r1w
  Running command git clone --filter=blob:none --quiet https://github.com/KAIR-BAIR/nerfacc.git /gpfs/scratch1/nodespecific/gcn18/jhuizing.6523571/pip-req-build-k0w00r1w
  Running command git checkout -q d84cdf3afd7dcfc42150e0f0506db58a5ce62812
  Resolved https://github.com/KAIR-BAIR/nerfacc.git to commit d84cdf3afd7dcfc42150e0f0506db58a5ce62812
  Running command git submodule update --init --recursive -q
  Preparing metadata (setup.py): started
  Preparing metadata (setup.py): finished with status 'done'
Collecting git+https://github.com/NVlabs/tiny-cuda-nn/#subdirectory=bindings/torch (from -r requirements.txt (line 6))
  Cloning https://github.com/NVlabs/tiny-cuda-nn/ to /gpfs/scratch1/nodespecific/gcn18/jhuizing.6523571/pip-req-build-fd3je0dw
  Running command git clone --filter=blob:none --quiet https://github.com/NVlabs/tiny-cuda-nn/ /gpfs/scratch1/nodespecific/gcn18/jhuizing.6523571/pip-req-build-fd3je0dw
  Resolved https://github.com/NVlabs/tiny-cuda-nn/ to commit 4892659e015b12bd2fce446b8a8e33e646b21746
  Running command git submodule update --init --recursive -q
  Preparing metadata (setup.py): started
  Preparing metadata (setup.py): finished with status 'done'
Collecting git+https://github.com/NVlabs/nvdiffrast.git (from -r requirements.txt (line 15))
  Cloning https://github.com/NVlabs/nvdiffrast.git to /gpfs/scratch1/nodespecific/gcn18/jhuizing.6523571/pip-req-build-46dpmq4v
  Running command git clone --filter=blob:none --quiet https://github.com/NVlabs/nvdiffrast.git /gpfs/scratch1/nodespecific/gcn18/jhuizing.6523571/pip-req-build-46dpmq4v
  Resolved https://github.com/NVlabs/nvdiffrast.git to commit c5caf7bdb8a2448acc491a9faa47753972edd380
  Preparing metadata (setup.py): started
  Preparing metadata (setup.py): finished with status 'done'
Collecting git+https://github.com/ashawkey/envlight.git (from -r requirements.txt (line 24))
  Cloning https://github.com/ashawkey/envlight.git to /gpfs/scratch1/nodespecific/gcn18/jhuizing.6523571/pip-req-build-6t8lv2t3
  Running command git clone --filter=blob:none --quiet https://github.com/ashawkey/envlight.git /gpfs/scratch1/nodespecific/gcn18/jhuizing.6523571/pip-req-build-6t8lv2t3
  Resolved https://github.com/ashawkey/envlight.git to commit 05b5851e854429d72ecaf5b206ed64ce55fae677
  Preparing metadata (setup.py): started
  Preparing metadata (setup.py): finished with status 'done'
Collecting git+https://github.com/openai/CLIP.git (from -r requirements.txt (line 38))
  Cloning https://github.com/openai/CLIP.git to /gpfs/scratch1/nodespecific/gcn18/jhuizing.6523571/pip-req-build-3vhd9x22
  Running command git clone --filter=blob:none --quiet https://github.com/openai/CLIP.git /gpfs/scratch1/nodespecific/gcn18/jhuizing.6523571/pip-req-build-3vhd9x22
  Resolved https://github.com/openai/CLIP.git to commit dcba3cb2e2827b402d2701e7e1c7d9fed8a20ef1
  Preparing metadata (setup.py): started
  Preparing metadata (setup.py): finished with status 'done'
Collecting lightning==2.0.0 (from -r requirements.txt (line 1))
  Using cached lightning-2.0.0-py3-none-any.whl.metadata (36 kB)
Collecting omegaconf==2.3.0 (from -r requirements.txt (line 2))
  Using cached omegaconf-2.3.0-py3-none-any.whl.metadata (3.9 kB)
Collecting jaxtyping (from -r requirements.txt (line 3))
  Using cached jaxtyping-0.2.19-py3-none-any.whl.metadata (5.7 kB)
Collecting typeguard (from -r requirements.txt (line 4))
  Using cached typeguard-4.3.0-py3-none-any.whl.metadata (3.7 kB)
Collecting diffusers==0.25.1 (from -r requirements.txt (line 7))
  Using cached diffusers-0.25.1-py3-none-any.whl.metadata (19 kB)
Collecting transformers==4.28.1 (from -r requirements.txt (line 8))
  Using cached transformers-4.28.1-py3-none-any.whl.metadata (109 kB)
Collecting accelerate (from -r requirements.txt (line 9))
  Using cached accelerate-0.30.1-py3-none-any.whl.metadata (18 kB)
Collecting opencv-python (from -r requirements.txt (line 10))
  Using cached opencv_python-4.10.0.82-cp37-abi3-manylinux_2_17_x86_64.manylinux2014_x86_64.whl.metadata (20 kB)
Collecting tensorboard (from -r requirements.txt (line 11))
  Using cached tensorboard-2.14.0-py3-none-any.whl.metadata (1.8 kB)
Collecting matplotlib (from -r requirements.txt (line 12))
  Using cached matplotlib-3.7.5-cp38-cp38-manylinux_2_12_x86_64.manylinux2010_x86_64.whl.metadata (5.7 kB)
Collecting imageio>=2.28.0 (from -r requirements.txt (line 13))
  Using cached imageio-2.34.1-py3-none-any.whl.metadata (4.9 kB)
Collecting libigl (from -r requirements.txt (line 16))
  Using cached libigl-2.5.1-cp38-cp38-manylinux_2_17_x86_64.manylinux2014_x86_64.whl.metadata (2.3 kB)
Collecting xatlas (from -r requirements.txt (line 17))
  Using cached xatlas-0.0.9-cp38-cp38-manylinux_2_17_x86_64.manylinux2014_x86_64.whl.metadata (4.9 kB)
Requirement already satisfied: networkx in /gpfs/home6/jhuizing/.conda/envs/mvcontroljune6/lib/python3.8/site-packages (from -r requirements.txt (line 19)) (3.0)
Collecting pysdf (from -r requirements.txt (line 20))
  Using cached pysdf-0.1.9-cp38-cp38-linux_x86_64.whl
Collecting PyMCubes (from -r requirements.txt (line 21))
  Using cached PyMCubes-0.1.4-cp38-cp38-manylinux_2_17_x86_64.manylinux2014_x86_64.whl.metadata (863 bytes)
Collecting wandb (from -r requirements.txt (line 22))
  Using cached wandb-0.17.0-py3-none-manylinux_2_5_x86_64.manylinux1_x86_64.manylinux_2_17_x86_64.manylinux2014_x86_64.whl.metadata (10 kB)
Collecting gradio==3.50.2 (from -r requirements.txt (line 23))
  Using cached gradio-3.50.2-py3-none-any.whl.metadata (17 kB)
Collecting torchmetrics (from -r requirements.txt (line 25))
  Using cached torchmetrics-1.4.0.post0-py3-none-any.whl.metadata (19 kB)
Collecting xformers (from -r requirements.txt (line 28))
  Using cached xformers-0.0.26.post1-cp38-cp38-manylinux2014_x86_64.whl.metadata (1.0 kB)
Collecting bitsandbytes==0.38.1 (from -r requirements.txt (line 29))
  Using cached bitsandbytes-0.38.1-py3-none-any.whl.metadata (9.8 kB)
Collecting sentencepiece (from -r requirements.txt (line 30))
  Using cached sentencepiece-0.2.0-cp38-cp38-manylinux_2_17_x86_64.manylinux2014_x86_64.whl.metadata (7.7 kB)
Collecting safetensors (from -r requirements.txt (line 31))
  Using cached safetensors-0.4.3-cp38-cp38-manylinux_2_17_x86_64.manylinux2014_x86_64.whl.metadata (3.8 kB)
Collecting huggingface_hub (from -r requirements.txt (line 32))
  Downloading huggingface_hub-0.23.3-py3-none-any.whl.metadata (12 kB)
Collecting einops (from -r requirements.txt (line 35))
  Using cached einops-0.8.0-py3-none-any.whl.metadata (12 kB)
Collecting kornia (from -r requirements.txt (line 36))
  Using cached kornia-0.7.2-py2.py3-none-any.whl.metadata (12 kB)
Collecting taming-transformers-rom1504 (from -r requirements.txt (line 37))
  Using cached taming_transformers_rom1504-0.0.6-py3-none-any.whl.metadata (406 bytes)
Collecting controlnet_aux (from -r requirements.txt (line 41))
  Using cached controlnet_aux-0.0.9-py3-none-any.whl.metadata (6.5 kB)
Collecting trimesh[easy] (from -r requirements.txt (line 18))
  Using cached trimesh-4.4.0-py3-none-any.whl.metadata (18 kB)
Requirement already satisfied: Jinja2<5.0 in /gpfs/home6/jhuizing/.conda/envs/mvcontroljune6/lib/python3.8/site-packages (from lightning==2.0.0->-r requirements.txt (line 1)) (3.1.3)
Collecting PyYAML<8.0 (from lightning==2.0.0->-r requirements.txt (line 1))
  Using cached PyYAML-6.0.1-cp38-cp38-manylinux_2_17_x86_64.manylinux2014_x86_64.whl.metadata (2.1 kB)
Collecting arrow<3.0,>=1.2.0 (from lightning==2.0.0->-r requirements.txt (line 1))
  Using cached arrow-1.3.0-py3-none-any.whl.metadata (7.5 kB)
Collecting beautifulsoup4<6.0,>=4.8.0 (from lightning==2.0.0->-r requirements.txt (line 1))
  Using cached beautifulsoup4-4.12.3-py3-none-any.whl.metadata (3.8 kB)
Collecting click<10.0 (from lightning==2.0.0->-r requirements.txt (line 1))
  Using cached click-8.1.7-py3-none-any.whl.metadata (3.0 kB)
Collecting croniter<1.4.0,>=1.3.0 (from lightning==2.0.0->-r requirements.txt (line 1))
  Using cached croniter-1.3.15-py2.py3-none-any.whl.metadata (23 kB)
Collecting dateutils<2.0 (from lightning==2.0.0->-r requirements.txt (line 1))
  Using cached dateutils-0.6.12-py2.py3-none-any.whl.metadata (1.3 kB)
Collecting deepdiff<8.0,>=5.7.0 (from lightning==2.0.0->-r requirements.txt (line 1))
  Using cached deepdiff-7.0.1-py3-none-any.whl.metadata (6.8 kB)
Collecting fastapi<0.89.0 (from lightning==2.0.0->-r requirements.txt (line 1))
  Using cached fastapi-0.88.0-py3-none-any.whl.metadata (24 kB)
Collecting fsspec<2024.0,>=2022.5.0 (from lightning==2.0.0->-r requirements.txt (line 1))
  Using cached fsspec-2023.12.2-py3-none-any.whl.metadata (6.8 kB)
Collecting inquirer<5.0,>=2.10.0 (from lightning==2.0.0->-r requirements.txt (line 1))
  Using cached inquirer-3.2.4-py3-none-any.whl.metadata (6.8 kB)
Collecting lightning-cloud>=0.5.31 (from lightning==2.0.0->-r requirements.txt (line 1))
  Using cached lightning_cloud-0.5.69-py3-none-any.whl.metadata (957 bytes)
Collecting lightning-utilities<2.0,>=0.7.0 (from lightning==2.0.0->-r requirements.txt (line 1))
  Using cached lightning_utilities-0.11.2-py3-none-any.whl.metadata (4.7 kB)
Requirement already satisfied: numpy<3.0,>=1.17.2 in /gpfs/home6/jhuizing/.conda/envs/mvcontroljune6/lib/python3.8/site-packages (from lightning==2.0.0->-r requirements.txt (line 1)) (1.24.1)
Collecting packaging (from lightning==2.0.0->-r requirements.txt (line 1))
  Using cached packaging-24.0-py3-none-any.whl.metadata (3.2 kB)
Collecting psutil<7.0 (from lightning==2.0.0->-r requirements.txt (line 1))
  Using cached psutil-5.9.8-cp36-abi3-manylinux_2_12_x86_64.manylinux2010_x86_64.manylinux_2_17_x86_64.manylinux2014_x86_64.whl.metadata (21 kB)
Collecting pydantic<3.0 (from lightning==2.0.0->-r requirements.txt (line 1))
  Using cached pydantic-2.7.3-py3-none-any.whl.metadata (108 kB)
Collecting requests<4.0 (from lightning==2.0.0->-r requirements.txt (line 1))
  Using cached requests-2.32.3-py3-none-any.whl.metadata (4.6 kB)
Collecting rich<15.0,>=12.3.0 (from lightning==2.0.0->-r requirements.txt (line 1))
  Using cached rich-13.7.1-py3-none-any.whl.metadata (18 kB)
Collecting starlette<2.0 (from lightning==2.0.0->-r requirements.txt (line 1))
  Using cached starlette-0.37.2-py3-none-any.whl.metadata (5.9 kB)
Collecting starsessions<2.0,>=1.2.1 (from lightning==2.0.0->-r requirements.txt (line 1))
  Using cached starsessions-1.3.0-py3-none-any.whl.metadata (8.2 kB)
Requirement already satisfied: torch<4.0,>=1.11.0 in /gpfs/home6/jhuizing/.conda/envs/mvcontroljune6/lib/python3.8/site-packages (from lightning==2.0.0->-r requirements.txt (line 1)) (2.3.1+cu118)
Collecting tqdm<6.0,>=4.57.0 (from lightning==2.0.0->-r requirements.txt (line 1))
  Using cached tqdm-4.66.4-py3-none-any.whl.metadata (57 kB)
Collecting traitlets<7.0,>=5.3.0 (from lightning==2.0.0->-r requirements.txt (line 1))
  Using cached traitlets-5.14.3-py3-none-any.whl.metadata (10 kB)
Requirement already satisfied: typing-extensions<6.0,>=4.0.0 in /gpfs/home6/jhuizing/.conda/envs/mvcontroljune6/lib/python3.8/site-packages (from lightning==2.0.0->-r requirements.txt (line 1)) (4.9.0)
Collecting urllib3<3.0 (from lightning==2.0.0->-r requirements.txt (line 1))
  Using cached urllib3-2.2.1-py3-none-any.whl.metadata (6.4 kB)
Collecting uvicorn<2.0 (from lightning==2.0.0->-r requirements.txt (line 1))
  Using cached uvicorn-0.30.1-py3-none-any.whl.metadata (6.3 kB)
Collecting websocket-client<3.0 (from lightning==2.0.0->-r requirements.txt (line 1))
  Using cached websocket_client-1.8.0-py3-none-any.whl.metadata (8.0 kB)
Collecting websockets<12.0 (from lightning==2.0.0->-r requirements.txt (line 1))
  Using cached websockets-11.0.3-cp38-cp38-manylinux_2_5_x86_64.manylinux1_x86_64.manylinux_2_17_x86_64.manylinux2014_x86_64.whl.metadata (6.6 kB)
Collecting pytorch-lightning (from lightning==2.0.0->-r requirements.txt (line 1))
  Using cached pytorch_lightning-2.2.5-py3-none-any.whl.metadata (21 kB)
Collecting antlr4-python3-runtime==4.9.* (from omegaconf==2.3.0->-r requirements.txt (line 2))
  Using cached antlr4_python3_runtime-4.9.3-py3-none-any.whl
Collecting importlib-metadata (from diffusers==0.25.1->-r requirements.txt (line 7))
  Using cached importlib_metadata-7.1.0-py3-none-any.whl.metadata (4.7 kB)
Requirement already satisfied: filelock in /gpfs/home6/jhuizing/.conda/envs/mvcontroljune6/lib/python3.8/site-packages (from diffusers==0.25.1->-r requirements.txt (line 7)) (3.13.1)
Collecting regex!=2019.12.17 (from diffusers==0.25.1->-r requirements.txt (line 7))
  Using cached regex-2024.5.15-cp38-cp38-manylinux_2_17_x86_64.manylinux2014_x86_64.whl.metadata (40 kB)
Requirement already satisfied: Pillow in /gpfs/home6/jhuizing/.conda/envs/mvcontroljune6/lib/python3.8/site-packages (from diffusers==0.25.1->-r requirements.txt (line 7)) (10.2.0)
Collecting tokenizers!=0.11.3,<0.14,>=0.11.1 (from transformers==4.28.1->-r requirements.txt (line 8))
  Using cached tokenizers-0.13.3-cp38-cp38-manylinux_2_17_x86_64.manylinux2014_x86_64.whl.metadata (6.7 kB)
Collecting aiofiles<24.0,>=22.0 (from gradio==3.50.2->-r requirements.txt (line 23))
  Using cached aiofiles-23.2.1-py3-none-any.whl.metadata (9.7 kB)
Collecting altair<6.0,>=4.2.0 (from gradio==3.50.2->-r requirements.txt (line 23))
  Using cached altair-5.3.0-py3-none-any.whl.metadata (9.2 kB)
Collecting ffmpy (from gradio==3.50.2->-r requirements.txt (line 23))
  Using cached ffmpy-0.3.2-py3-none-any.whl
Collecting gradio-client==0.6.1 (from gradio==3.50.2->-r requirements.txt (line 23))
  Using cached gradio_client-0.6.1-py3-none-any.whl.metadata (7.1 kB)
Collecting httpx (from gradio==3.50.2->-r requirements.txt (line 23))
  Using cached httpx-0.27.0-py3-none-any.whl.metadata (7.2 kB)
Collecting importlib-resources<7.0,>=1.3 (from gradio==3.50.2->-r requirements.txt (line 23))
  Using cached importlib_resources-6.4.0-py3-none-any.whl.metadata (3.9 kB)
Requirement already satisfied: markupsafe~=2.0 in /gpfs/home6/jhuizing/.conda/envs/mvcontroljune6/lib/python3.8/site-packages (from gradio==3.50.2->-r requirements.txt (line 23)) (2.1.5)
Collecting orjson~=3.0 (from gradio==3.50.2->-r requirements.txt (line 23))
  Using cached orjson-3.10.3-cp38-cp38-manylinux_2_17_x86_64.manylinux2014_x86_64.whl.metadata (49 kB)
Collecting pandas<3.0,>=1.0 (from gradio==3.50.2->-r requirements.txt (line 23))
  Using cached pandas-2.0.3-cp38-cp38-manylinux_2_17_x86_64.manylinux2014_x86_64.whl.metadata (18 kB)
Collecting pydub (from gradio==3.50.2->-r requirements.txt (line 23))
  Using cached pydub-0.25.1-py2.py3-none-any.whl.metadata (1.4 kB)
Collecting python-multipart (from gradio==3.50.2->-r requirements.txt (line 23))
  Using cached python_multipart-0.0.9-py3-none-any.whl.metadata (2.5 kB)
Collecting semantic-version~=2.0 (from gradio==3.50.2->-r requirements.txt (line 23))
  Using cached semantic_version-2.10.0-py2.py3-none-any.whl.metadata (9.7 kB)
Collecting typing-extensions<6.0,>=4.0.0 (from lightning==2.0.0->-r requirements.txt (line 1))
  Using cached typing_extensions-4.12.1-py3-none-any.whl.metadata (3.0 kB)
Collecting absl-py>=0.4 (from tensorboard->-r requirements.txt (line 11))
  Using cached absl_py-2.1.0-py3-none-any.whl.metadata (2.3 kB)
Collecting grpcio>=1.48.2 (from tensorboard->-r requirements.txt (line 11))
  Using cached grpcio-1.64.1-cp38-cp38-manylinux_2_17_x86_64.manylinux2014_x86_64.whl.metadata (3.3 kB)
Collecting google-auth<3,>=1.6.3 (from tensorboard->-r requirements.txt (line 11))
  Using cached google_auth-2.29.0-py2.py3-none-any.whl.metadata (4.7 kB)
Collecting google-auth-oauthlib<1.1,>=0.5 (from tensorboard->-r requirements.txt (line 11))
  Using cached google_auth_oauthlib-1.0.0-py2.py3-none-any.whl.metadata (2.7 kB)
Collecting markdown>=2.6.8 (from tensorboard->-r requirements.txt (line 11))
  Using cached Markdown-3.6-py3-none-any.whl.metadata (7.0 kB)
Collecting protobuf>=3.19.6 (from tensorboard->-r requirements.txt (line 11))
  Using cached protobuf-5.27.0-cp38-abi3-manylinux2014_x86_64.whl.metadata (592 bytes)
Requirement already satisfied: setuptools>=41.0.0 in /gpfs/home6/jhuizing/.conda/envs/mvcontroljune6/lib/python3.8/site-packages (from tensorboard->-r requirements.txt (line 11)) (69.5.1)
Collecting tensorboard-data-server<0.8.0,>=0.7.0 (from tensorboard->-r requirements.txt (line 11))
  Using cached tensorboard_data_server-0.7.2-py3-none-any.whl.metadata (1.1 kB)
Collecting werkzeug>=1.0.1 (from tensorboard->-r requirements.txt (line 11))
  Using cached werkzeug-3.0.3-py3-none-any.whl.metadata (3.7 kB)
Requirement already satisfied: wheel>=0.26 in /gpfs/home6/jhuizing/.conda/envs/mvcontroljune6/lib/python3.8/site-packages (from tensorboard->-r requirements.txt (line 11)) (0.43.0)
Collecting contourpy>=1.0.1 (from matplotlib->-r requirements.txt (line 12))
  Using cached contourpy-1.1.1-cp38-cp38-manylinux_2_17_x86_64.manylinux2014_x86_64.whl.metadata (5.9 kB)
Collecting cycler>=0.10 (from matplotlib->-r requirements.txt (line 12))
  Using cached cycler-0.12.1-py3-none-any.whl.metadata (3.8 kB)
Collecting fonttools>=4.22.0 (from matplotlib->-r requirements.txt (line 12))
  Using cached fonttools-4.53.0-cp38-cp38-manylinux_2_17_x86_64.manylinux2014_x86_64.whl.metadata (162 kB)
Collecting kiwisolver>=1.0.1 (from matplotlib->-r requirements.txt (line 12))
  Using cached kiwisolver-1.4.5-cp38-cp38-manylinux_2_5_x86_64.manylinux1_x86_64.whl.metadata (6.4 kB)
Collecting pyparsing>=2.3.1 (from matplotlib->-r requirements.txt (line 12))
  Using cached pyparsing-3.1.2-py3-none-any.whl.metadata (5.1 kB)
Collecting python-dateutil>=2.7 (from matplotlib->-r requirements.txt (line 12))
  Using cached python_dateutil-2.9.0.post0-py2.py3-none-any.whl.metadata (8.4 kB)
Collecting imageio-ffmpeg (from imageio[ffmpeg]->-r requirements.txt (line 14))
  Using cached imageio_ffmpeg-0.5.1-py3-none-manylinux2010_x86_64.whl.metadata (1.6 kB)
Collecting scipy (from libigl->-r requirements.txt (line 16))
  Using cached scipy-1.10.1-cp38-cp38-manylinux_2_17_x86_64.manylinux2014_x86_64.whl.metadata (58 kB)
Collecting colorlog (from trimesh[easy]->-r requirements.txt (line 18))
  Using cached colorlog-6.8.2-py3-none-any.whl.metadata (10 kB)
Collecting mapbox-earcut (from trimesh[easy]->-r requirements.txt (line 18))
  Using cached mapbox_earcut-1.0.1-cp38-cp38-manylinux_2_17_x86_64.manylinux2014_x86_64.whl.metadata (2.0 kB)
Collecting chardet (from trimesh[easy]->-r requirements.txt (line 18))
  Using cached chardet-5.2.0-py3-none-any.whl.metadata (3.4 kB)
Collecting lxml (from trimesh[easy]->-r requirements.txt (line 18))
  Using cached lxml-5.2.2-cp38-cp38-manylinux_2_28_x86_64.whl.metadata (3.4 kB)
Collecting jsonschema (from trimesh[easy]->-r requirements.txt (line 18))
  Using cached jsonschema-4.22.0-py3-none-any.whl.metadata (8.2 kB)
Collecting svg.path (from trimesh[easy]->-r requirements.txt (line 18))
  Using cached svg.path-6.3-py2.py3-none-any.whl.metadata (13 kB)
Collecting pycollada (from trimesh[easy]->-r requirements.txt (line 18))
  Using cached pycollada-0.8-py3-none-any.whl
Collecting shapely (from trimesh[easy]->-r requirements.txt (line 18))
  Using cached shapely-2.0.4-cp38-cp38-manylinux_2_17_x86_64.manylinux2014_x86_64.whl.metadata (7.0 kB)
Collecting xxhash (from trimesh[easy]->-r requirements.txt (line 18))
  Using cached xxhash-3.4.1-cp38-cp38-manylinux_2_17_x86_64.manylinux2014_x86_64.whl.metadata (12 kB)
Collecting rtree (from trimesh[easy]->-r requirements.txt (line 18))
  Using cached Rtree-1.2.0-py3-none-manylinux2014_x86_64.manylinux_2_17_x86_64.whl.metadata (2.1 kB)
Collecting embreex (from trimesh[easy]->-r requirements.txt (line 18))
  Using cached embreex-2.17.7.post4-cp38-cp38-manylinux_2_28_x86_64.whl.metadata (3.0 kB)
Collecting vhacdx (from trimesh[easy]->-r requirements.txt (line 18))
  Using cached vhacdx-0.0.6-cp38-cp38-manylinux_2_17_x86_64.manylinux2014_x86_64.whl.metadata (1.1 kB)
Collecting docker-pycreds>=0.4.0 (from wandb->-r requirements.txt (line 22))
  Using cached docker_pycreds-0.4.0-py2.py3-none-any.whl.metadata (1.8 kB)
Collecting gitpython!=3.1.29,>=1.0.0 (from wandb->-r requirements.txt (line 22))
  Using cached GitPython-3.1.43-py3-none-any.whl.metadata (13 kB)
Collecting platformdirs (from wandb->-r requirements.txt (line 22))
  Using cached platformdirs-4.2.2-py3-none-any.whl.metadata (11 kB)
Collecting protobuf>=3.19.6 (from tensorboard->-r requirements.txt (line 11))
  Using cached protobuf-4.25.3-cp37-abi3-manylinux2014_x86_64.whl.metadata (541 bytes)
Collecting sentry-sdk>=1.0.0 (from wandb->-r requirements.txt (line 22))
  Using cached sentry_sdk-2.4.0-py2.py3-none-any.whl.metadata (10 kB)
Collecting setproctitle (from wandb->-r requirements.txt (line 22))
  Using cached setproctitle-1.3.3-cp38-cp38-manylinux_2_5_x86_64.manylinux1_x86_64.manylinux_2_17_x86_64.manylinux2014_x86_64.whl.metadata (9.9 kB)
Requirement already satisfied: ninja in /gpfs/home6/jhuizing/.conda/envs/mvcontroljune6/lib/python3.8/site-packages (from envlight==0.1.0->-r requirements.txt (line 24)) (1.11.1.1)
Collecting torch<4.0,>=1.11.0 (from lightning==2.0.0->-r requirements.txt (line 1))
  Using cached torch-2.3.0-cp38-cp38-manylinux1_x86_64.whl.metadata (26 kB)
Requirement already satisfied: sympy in /gpfs/home6/jhuizing/.conda/envs/mvcontroljune6/lib/python3.8/site-packages (from torch<4.0,>=1.11.0->lightning==2.0.0->-r requirements.txt (line 1)) (1.12)
Collecting nvidia-cuda-nvrtc-cu12==12.1.105 (from torch<4.0,>=1.11.0->lightning==2.0.0->-r requirements.txt (line 1))
  Using cached nvidia_cuda_nvrtc_cu12-12.1.105-py3-none-manylinux1_x86_64.whl.metadata (1.5 kB)
Collecting nvidia-cuda-runtime-cu12==12.1.105 (from torch<4.0,>=1.11.0->lightning==2.0.0->-r requirements.txt (line 1))
  Using cached nvidia_cuda_runtime_cu12-12.1.105-py3-none-manylinux1_x86_64.whl.metadata (1.5 kB)
Collecting nvidia-cuda-cupti-cu12==12.1.105 (from torch<4.0,>=1.11.0->lightning==2.0.0->-r requirements.txt (line 1))
  Using cached nvidia_cuda_cupti_cu12-12.1.105-py3-none-manylinux1_x86_64.whl.metadata (1.6 kB)
Collecting nvidia-cudnn-cu12==8.9.2.26 (from torch<4.0,>=1.11.0->lightning==2.0.0->-r requirements.txt (line 1))
  Using cached nvidia_cudnn_cu12-8.9.2.26-py3-none-manylinux1_x86_64.whl.metadata (1.6 kB)
Collecting nvidia-cublas-cu12==12.1.3.1 (from torch<4.0,>=1.11.0->lightning==2.0.0->-r requirements.txt (line 1))
  Using cached nvidia_cublas_cu12-12.1.3.1-py3-none-manylinux1_x86_64.whl.metadata (1.5 kB)
Collecting nvidia-cufft-cu12==11.0.2.54 (from torch<4.0,>=1.11.0->lightning==2.0.0->-r requirements.txt (line 1))
  Using cached nvidia_cufft_cu12-11.0.2.54-py3-none-manylinux1_x86_64.whl.metadata (1.5 kB)
Collecting nvidia-curand-cu12==10.3.2.106 (from torch<4.0,>=1.11.0->lightning==2.0.0->-r requirements.txt (line 1))
  Using cached nvidia_curand_cu12-10.3.2.106-py3-none-manylinux1_x86_64.whl.metadata (1.5 kB)
Collecting nvidia-cusolver-cu12==11.4.5.107 (from torch<4.0,>=1.11.0->lightning==2.0.0->-r requirements.txt (line 1))
  Using cached nvidia_cusolver_cu12-11.4.5.107-py3-none-manylinux1_x86_64.whl.metadata (1.6 kB)
Collecting nvidia-cusparse-cu12==12.1.0.106 (from torch<4.0,>=1.11.0->lightning==2.0.0->-r requirements.txt (line 1))
  Using cached nvidia_cusparse_cu12-12.1.0.106-py3-none-manylinux1_x86_64.whl.metadata (1.6 kB)
Collecting nvidia-nccl-cu12==2.20.5 (from torch<4.0,>=1.11.0->lightning==2.0.0->-r requirements.txt (line 1))
  Using cached nvidia_nccl_cu12-2.20.5-py3-none-manylinux2014_x86_64.whl.metadata (1.8 kB)
Collecting nvidia-nvtx-cu12==12.1.105 (from torch<4.0,>=1.11.0->lightning==2.0.0->-r requirements.txt (line 1))
  Using cached nvidia_nvtx_cu12-12.1.105-py3-none-manylinux1_x86_64.whl.metadata (1.7 kB)
Collecting triton==2.3.0 (from torch<4.0,>=1.11.0->lightning==2.0.0->-r requirements.txt (line 1))
  Using cached triton-2.3.0-cp38-cp38-manylinux_2_17_x86_64.manylinux2014_x86_64.whl.metadata (1.4 kB)
Collecting nvidia-nvjitlink-cu12 (from nvidia-cusolver-cu12==11.4.5.107->torch<4.0,>=1.11.0->lightning==2.0.0->-r requirements.txt (line 1))
  Using cached nvidia_nvjitlink_cu12-12.5.40-py3-none-manylinux2014_x86_64.whl.metadata (1.5 kB)
Collecting kornia-rs>=0.1.0 (from kornia->-r requirements.txt (line 36))
  Using cached kornia_rs-0.1.3-cp38-cp38-manylinux_2_17_x86_64.manylinux2014_x86_64.whl.metadata (8.7 kB)
Requirement already satisfied: torchvision in /gpfs/home6/jhuizing/.conda/envs/mvcontroljune6/lib/python3.8/site-packages (from taming-transformers-rom1504->-r requirements.txt (line 37)) (0.18.1+cu118)
Collecting ftfy (from clip==1.0->-r requirements.txt (line 38))
  Using cached ftfy-6.2.0-py3-none-any.whl.metadata (7.3 kB)
Collecting opencv-python-headless (from controlnet_aux->-r requirements.txt (line 41))
  Using cached opencv_python_headless-4.10.0.82-cp37-abi3-manylinux_2_17_x86_64.manylinux2014_x86_64.whl.metadata (20 kB)
Collecting timm<=0.6.7 (from controlnet_aux->-r requirements.txt (line 41))
  Using cached timm-0.6.7-py3-none-any.whl.metadata (33 kB)
Collecting scikit-image (from controlnet_aux->-r requirements.txt (line 41))
  Using cached scikit_image-0.21.0-cp38-cp38-manylinux_2_17_x86_64.manylinux2014_x86_64.whl.metadata (14 kB)
Collecting toolz (from altair<6.0,>=4.2.0->gradio==3.50.2->-r requirements.txt (line 23))
  Using cached toolz-0.12.1-py3-none-any.whl.metadata (5.1 kB)
Collecting types-python-dateutil>=2.8.10 (from arrow<3.0,>=1.2.0->lightning==2.0.0->-r requirements.txt (line 1))
  Using cached types_python_dateutil-2.9.0.20240316-py3-none-any.whl.metadata (1.8 kB)
Collecting soupsieve>1.2 (from beautifulsoup4<6.0,>=4.8.0->lightning==2.0.0->-r requirements.txt (line 1))
  Using cached soupsieve-2.5-py3-none-any.whl.metadata (4.7 kB)
Collecting pytz (from dateutils<2.0->lightning==2.0.0->-r requirements.txt (line 1))
  Using cached pytz-2024.1-py2.py3-none-any.whl.metadata (22 kB)
Collecting ordered-set<4.2.0,>=4.1.0 (from deepdiff<8.0,>=5.7.0->lightning==2.0.0->-r requirements.txt (line 1))
  Using cached ordered_set-4.1.0-py3-none-any.whl.metadata (5.3 kB)
Collecting six>=1.4.0 (from docker-pycreds>=0.4.0->wandb->-r requirements.txt (line 22))
  Using cached six-1.16.0-py2.py3-none-any.whl.metadata (1.8 kB)
Collecting pydantic<3.0 (from lightning==2.0.0->-r requirements.txt (line 1))
  Using cached pydantic-1.10.15-cp38-cp38-manylinux_2_17_x86_64.manylinux2014_x86_64.whl.metadata (150 kB)
Collecting starlette<2.0 (from lightning==2.0.0->-r requirements.txt (line 1))
  Using cached starlette-0.22.0-py3-none-any.whl.metadata (5.8 kB)
Collecting anyio<5,>=3.4.0 (from starlette<2.0->lightning==2.0.0->-r requirements.txt (line 1))
  Using cached anyio-4.4.0-py3-none-any.whl.metadata (4.6 kB)
Collecting aiohttp!=4.0.0a0,!=4.0.0a1 (from fsspec[http]<2025.0,>2021.06.0->lightning==2.0.0->-r requirements.txt (line 1))
  Using cached aiohttp-3.9.5-cp38-cp38-manylinux_2_17_x86_64.manylinux2014_x86_64.whl.metadata (7.5 kB)
Collecting gitdb<5,>=4.0.1 (from gitpython!=3.1.29,>=1.0.0->wandb->-r requirements.txt (line 22))
  Using cached gitdb-4.0.11-py3-none-any.whl.metadata (1.2 kB)
Collecting cachetools<6.0,>=2.0.0 (from google-auth<3,>=1.6.3->tensorboard->-r requirements.txt (line 11))
  Using cached cachetools-5.3.3-py3-none-any.whl.metadata (5.3 kB)
Collecting pyasn1-modules>=0.2.1 (from google-auth<3,>=1.6.3->tensorboard->-r requirements.txt (line 11))
  Using cached pyasn1_modules-0.4.0-py3-none-any.whl.metadata (3.4 kB)
Collecting rsa<5,>=3.1.4 (from google-auth<3,>=1.6.3->tensorboard->-r requirements.txt (line 11))
  Using cached rsa-4.9-py3-none-any.whl.metadata (4.2 kB)
Collecting requests-oauthlib>=0.7.0 (from google-auth-oauthlib<1.1,>=0.5->tensorboard->-r requirements.txt (line 11))
  Using cached requests_oauthlib-2.0.0-py2.py3-none-any.whl.metadata (11 kB)
Collecting zipp>=0.5 (from importlib-metadata->diffusers==0.25.1->-r requirements.txt (line 7))
  Using cached zipp-3.19.2-py3-none-any.whl.metadata (3.6 kB)
Collecting blessed>=1.19.0 (from inquirer<5.0,>=2.10.0->lightning==2.0.0->-r requirements.txt (line 1))
  Using cached blessed-1.20.0-py2.py3-none-any.whl.metadata (13 kB)
Collecting editor>=1.6.0 (from inquirer<5.0,>=2.10.0->lightning==2.0.0->-r requirements.txt (line 1))
  Using cached editor-1.6.6-py3-none-any.whl.metadata (2.3 kB)
Collecting readchar>=3.0.6 (from inquirer<5.0,>=2.10.0->lightning==2.0.0->-r requirements.txt (line 1))
  Using cached readchar-4.1.0-py3-none-any.whl.metadata (7.5 kB)
Collecting attrs>=22.2.0 (from jsonschema->trimesh[easy]->-r requirements.txt (line 18))
  Using cached attrs-23.2.0-py3-none-any.whl.metadata (9.5 kB)
Collecting jsonschema-specifications>=2023.03.6 (from jsonschema->trimesh[easy]->-r requirements.txt (line 18))
  Using cached jsonschema_specifications-2023.12.1-py3-none-any.whl.metadata (3.0 kB)
Collecting pkgutil-resolve-name>=1.3.10 (from jsonschema->trimesh[easy]->-r requirements.txt (line 18))
  Using cached pkgutil_resolve_name-1.3.10-py3-none-any.whl.metadata (624 bytes)
Collecting referencing>=0.28.4 (from jsonschema->trimesh[easy]->-r requirements.txt (line 18))
  Using cached referencing-0.35.1-py3-none-any.whl.metadata (2.8 kB)
Collecting rpds-py>=0.7.1 (from jsonschema->trimesh[easy]->-r requirements.txt (line 18))
  Using cached rpds_py-0.18.1-cp38-cp38-manylinux_2_17_x86_64.manylinux2014_x86_64.whl.metadata (4.1 kB)
Collecting pyjwt (from lightning-cloud>=0.5.31->lightning==2.0.0->-r requirements.txt (line 1))
  Using cached PyJWT-2.8.0-py3-none-any.whl.metadata (4.2 kB)
Collecting boto3 (from lightning-cloud>=0.5.31->lightning==2.0.0->-r requirements.txt (line 1))
  Downloading boto3-1.34.120-py3-none-any.whl.metadata (6.6 kB)
Collecting tzdata>=2022.1 (from pandas<3.0,>=1.0->gradio==3.50.2->-r requirements.txt (line 23))
  Using cached tzdata-2024.1-py2.py3-none-any.whl.metadata (1.4 kB)
Collecting charset-normalizer<4,>=2 (from requests<4.0->lightning==2.0.0->-r requirements.txt (line 1))
  Using cached charset_normalizer-3.3.2-cp38-cp38-manylinux_2_17_x86_64.manylinux2014_x86_64.whl.metadata (33 kB)
Collecting idna<4,>=2.5 (from requests<4.0->lightning==2.0.0->-r requirements.txt (line 1))
  Using cached idna-3.7-py3-none-any.whl.metadata (9.9 kB)
Collecting certifi>=2017.4.17 (from requests<4.0->lightning==2.0.0->-r requirements.txt (line 1))
  Using cached certifi-2024.6.2-py3-none-any.whl.metadata (2.2 kB)
Collecting markdown-it-py>=2.2.0 (from rich<15.0,>=12.3.0->lightning==2.0.0->-r requirements.txt (line 1))
  Using cached markdown_it_py-3.0.0-py3-none-any.whl.metadata (6.9 kB)
Collecting pygments<3.0.0,>=2.13.0 (from rich<15.0,>=12.3.0->lightning==2.0.0->-r requirements.txt (line 1))
  Using cached pygments-2.18.0-py3-none-any.whl.metadata (2.5 kB)
Collecting itsdangerous<3.0.0,>=2.0.1 (from starsessions<2.0,>=1.2.1->lightning==2.0.0->-r requirements.txt (line 1))
  Using cached itsdangerous-2.2.0-py3-none-any.whl.metadata (1.9 kB)
Collecting h11>=0.8 (from uvicorn<2.0->lightning==2.0.0->-r requirements.txt (line 1))
  Using cached h11-0.14.0-py3-none-any.whl.metadata (8.2 kB)
Collecting wcwidth<0.3.0,>=0.2.12 (from ftfy->clip==1.0->-r requirements.txt (line 38))
  Using cached wcwidth-0.2.13-py2.py3-none-any.whl.metadata (14 kB)
Collecting httpcore==1.* (from httpx->gradio==3.50.2->-r requirements.txt (line 23))
  Using cached httpcore-1.0.5-py3-none-any.whl.metadata (20 kB)
Collecting sniffio (from httpx->gradio==3.50.2->-r requirements.txt (line 23))
  Using cached sniffio-1.3.1-py3-none-any.whl.metadata (3.9 kB)
Collecting tifffile>=2022.8.12 (from scikit-image->controlnet_aux->-r requirements.txt (line 41))
  Using cached tifffile-2023.7.10-py3-none-any.whl.metadata (31 kB)
Collecting PyWavelets>=1.1.1 (from scikit-image->controlnet_aux->-r requirements.txt (line 41))
  Using cached PyWavelets-1.4.1-cp38-cp38-manylinux_2_17_x86_64.manylinux2014_x86_64.whl.metadata (1.9 kB)
Collecting lazy_loader>=0.2 (from scikit-image->controlnet_aux->-r requirements.txt (line 41))
  Using cached lazy_loader-0.4-py3-none-any.whl.metadata (7.6 kB)
INFO: pip is looking at multiple versions of torchvision to determine which version is compatible with other requirements. This could take a while.
Collecting torchvision (from taming-transformers-rom1504->-r requirements.txt (line 37))
  Downloading torchvision-0.18.1-cp38-cp38-manylinux1_x86_64.whl.metadata (6.6 kB)
  Downloading torchvision-0.18.0-cp38-cp38-manylinux1_x86_64.whl.metadata (6.6 kB)
Collecting aiosignal>=1.1.2 (from aiohttp!=4.0.0a0,!=4.0.0a1->fsspec[http]<2025.0,>2021.06.0->lightning==2.0.0->-r requirements.txt (line 1))
  Using cached aiosignal-1.3.1-py3-none-any.whl.metadata (4.0 kB)
Collecting frozenlist>=1.1.1 (from aiohttp!=4.0.0a0,!=4.0.0a1->fsspec[http]<2025.0,>2021.06.0->lightning==2.0.0->-r requirements.txt (line 1))
  Using cached frozenlist-1.4.1-cp38-cp38-manylinux_2_5_x86_64.manylinux1_x86_64.manylinux_2_17_x86_64.manylinux2014_x86_64.whl.metadata (12 kB)
Collecting multidict<7.0,>=4.5 (from aiohttp!=4.0.0a0,!=4.0.0a1->fsspec[http]<2025.0,>2021.06.0->lightning==2.0.0->-r requirements.txt (line 1))
  Using cached multidict-6.0.5-cp38-cp38-manylinux_2_17_x86_64.manylinux2014_x86_64.whl.metadata (4.2 kB)
Collecting yarl<2.0,>=1.0 (from aiohttp!=4.0.0a0,!=4.0.0a1->fsspec[http]<2025.0,>2021.06.0->lightning==2.0.0->-r requirements.txt (line 1))
  Using cached yarl-1.9.4-cp38-cp38-manylinux_2_17_x86_64.manylinux2014_x86_64.whl.metadata (31 kB)
Collecting async-timeout<5.0,>=4.0 (from aiohttp!=4.0.0a0,!=4.0.0a1->fsspec[http]<2025.0,>2021.06.0->lightning==2.0.0->-r requirements.txt (line 1))
  Using cached async_timeout-4.0.3-py3-none-any.whl.metadata (4.2 kB)
Collecting exceptiongroup>=1.0.2 (from anyio<5,>=3.4.0->starlette<2.0->lightning==2.0.0->-r requirements.txt (line 1))
  Using cached exceptiongroup-1.2.1-py3-none-any.whl.metadata (6.6 kB)
Collecting runs (from editor>=1.6.0->inquirer<5.0,>=2.10.0->lightning==2.0.0->-r requirements.txt (line 1))
  Using cached runs-1.2.2-py3-none-any.whl.metadata (10 kB)
Collecting xmod (from editor>=1.6.0->inquirer<5.0,>=2.10.0->lightning==2.0.0->-r requirements.txt (line 1))
  Using cached xmod-1.8.1-py3-none-any.whl.metadata (1.8 kB)
Collecting smmap<6,>=3.0.1 (from gitdb<5,>=4.0.1->gitpython!=3.1.29,>=1.0.0->wandb->-r requirements.txt (line 22))
  Using cached smmap-5.0.1-py3-none-any.whl.metadata (4.3 kB)
Collecting mdurl~=0.1 (from markdown-it-py>=2.2.0->rich<15.0,>=12.3.0->lightning==2.0.0->-r requirements.txt (line 1))
  Using cached mdurl-0.1.2-py3-none-any.whl.metadata (1.6 kB)
Collecting pyasn1<0.7.0,>=0.4.6 (from pyasn1-modules>=0.2.1->google-auth<3,>=1.6.3->tensorboard->-r requirements.txt (line 11))
  Using cached pyasn1-0.6.0-py2.py3-none-any.whl.metadata (8.3 kB)
Collecting oauthlib>=3.0.0 (from requests-oauthlib>=0.7.0->google-auth-oauthlib<1.1,>=0.5->tensorboard->-r requirements.txt (line 11))
  Using cached oauthlib-3.2.2-py3-none-any.whl.metadata (7.5 kB)
Collecting botocore<1.35.0,>=1.34.120 (from boto3->lightning-cloud>=0.5.31->lightning==2.0.0->-r requirements.txt (line 1))
  Downloading botocore-1.34.120-py3-none-any.whl.metadata (5.7 kB)
Collecting jmespath<2.0.0,>=0.7.1 (from boto3->lightning-cloud>=0.5.31->lightning==2.0.0->-r requirements.txt (line 1))
  Using cached jmespath-1.0.1-py3-none-any.whl.metadata (7.6 kB)
Collecting s3transfer<0.11.0,>=0.10.0 (from boto3->lightning-cloud>=0.5.31->lightning==2.0.0->-r requirements.txt (line 1))
  Using cached s3transfer-0.10.1-py3-none-any.whl.metadata (1.7 kB)
Requirement already satisfied: mpmath>=0.19 in /gpfs/home6/jhuizing/.conda/envs/mvcontroljune6/lib/python3.8/site-packages (from sympy->torch<4.0,>=1.11.0->lightning==2.0.0->-r requirements.txt (line 1)) (1.3.0)
Collecting urllib3<3.0 (from lightning==2.0.0->-r requirements.txt (line 1))
  Using cached urllib3-1.26.18-py2.py3-none-any.whl.metadata (48 kB)
Using cached lightning-2.0.0-py3-none-any.whl (1.8 MB)
Using cached omegaconf-2.3.0-py3-none-any.whl (79 kB)
Using cached diffusers-0.25.1-py3-none-any.whl (1.8 MB)
Using cached transformers-4.28.1-py3-none-any.whl (7.0 MB)
Using cached gradio-3.50.2-py3-none-any.whl (20.3 MB)
Using cached bitsandbytes-0.38.1-py3-none-any.whl (104.3 MB)
Using cached gradio_client-0.6.1-py3-none-any.whl (299 kB)
Using cached jaxtyping-0.2.19-py3-none-any.whl (24 kB)
Using cached typeguard-4.3.0-py3-none-any.whl (35 kB)
Using cached accelerate-0.30.1-py3-none-any.whl (302 kB)
Using cached opencv_python-4.10.0.82-cp37-abi3-manylinux_2_17_x86_64.manylinux2014_x86_64.whl (62.5 MB)
Using cached tensorboard-2.14.0-py3-none-any.whl (5.5 MB)
Using cached matplotlib-3.7.5-cp38-cp38-manylinux_2_12_x86_64.manylinux2010_x86_64.whl (9.2 MB)
Using cached imageio-2.34.1-py3-none-any.whl (313 kB)
Using cached libigl-2.5.1-cp38-cp38-manylinux_2_17_x86_64.manylinux2014_x86_64.whl (16.2 MB)
Using cached xatlas-0.0.9-cp38-cp38-manylinux_2_17_x86_64.manylinux2014_x86_64.whl (229 kB)
Using cached PyMCubes-0.1.4-cp38-cp38-manylinux_2_17_x86_64.manylinux2014_x86_64.whl (276 kB)
Using cached wandb-0.17.0-py3-none-manylinux_2_5_x86_64.manylinux1_x86_64.manylinux_2_17_x86_64.manylinux2014_x86_64.whl (6.7 MB)
Using cached torchmetrics-1.4.0.post0-py3-none-any.whl (868 kB)
Using cached xformers-0.0.26.post1-cp38-cp38-manylinux2014_x86_64.whl (222.8 MB)
Using cached torch-2.3.0-cp38-cp38-manylinux1_x86_64.whl (779.1 MB)
Using cached nvidia_cublas_cu12-12.1.3.1-py3-none-manylinux1_x86_64.whl (410.6 MB)
Using cached nvidia_cuda_cupti_cu12-12.1.105-py3-none-manylinux1_x86_64.whl (14.1 MB)
Using cached nvidia_cuda_nvrtc_cu12-12.1.105-py3-none-manylinux1_x86_64.whl (23.7 MB)
Using cached nvidia_cuda_runtime_cu12-12.1.105-py3-none-manylinux1_x86_64.whl (823 kB)
Using cached nvidia_cudnn_cu12-8.9.2.26-py3-none-manylinux1_x86_64.whl (731.7 MB)
Using cached nvidia_cufft_cu12-11.0.2.54-py3-none-manylinux1_x86_64.whl (121.6 MB)
Using cached nvidia_curand_cu12-10.3.2.106-py3-none-manylinux1_x86_64.whl (56.5 MB)
Using cached nvidia_cusolver_cu12-11.4.5.107-py3-none-manylinux1_x86_64.whl (124.2 MB)
Using cached nvidia_cusparse_cu12-12.1.0.106-py3-none-manylinux1_x86_64.whl (196.0 MB)
Using cached nvidia_nccl_cu12-2.20.5-py3-none-manylinux2014_x86_64.whl (176.2 MB)
Using cached nvidia_nvtx_cu12-12.1.105-py3-none-manylinux1_x86_64.whl (99 kB)
Using cached triton-2.3.0-cp38-cp38-manylinux_2_17_x86_64.manylinux2014_x86_64.whl (168.0 MB)
Using cached sentencepiece-0.2.0-cp38-cp38-manylinux_2_17_x86_64.manylinux2014_x86_64.whl (1.3 MB)
Using cached safetensors-0.4.3-cp38-cp38-manylinux_2_17_x86_64.manylinux2014_x86_64.whl (1.2 MB)
Downloading huggingface_hub-0.23.3-py3-none-any.whl (401 kB)
   ‚îÅ‚îÅ‚îÅ‚îÅ‚îÅ‚îÅ‚îÅ‚îÅ‚îÅ‚îÅ‚îÅ‚îÅ‚îÅ‚îÅ‚îÅ‚îÅ‚îÅ‚îÅ‚îÅ‚îÅ‚îÅ‚îÅ‚îÅ‚îÅ‚îÅ‚îÅ‚îÅ‚îÅ‚îÅ‚îÅ‚îÅ‚îÅ‚îÅ‚îÅ‚îÅ‚îÅ‚îÅ‚îÅ‚îÅ‚îÅ 401.7/401.7 kB 9.9 MB/s eta 0:00:00
Using cached einops-0.8.0-py3-none-any.whl (43 kB)
Using cached kornia-0.7.2-py2.py3-none-any.whl (825 kB)
Using cached taming_transformers_rom1504-0.0.6-py3-none-any.whl (51 kB)
Using cached controlnet_aux-0.0.9-py3-none-any.whl (282 kB)
Using cached absl_py-2.1.0-py3-none-any.whl (133 kB)
Using cached aiofiles-23.2.1-py3-none-any.whl (15 kB)
Using cached altair-5.3.0-py3-none-any.whl (857 kB)
Using cached arrow-1.3.0-py3-none-any.whl (66 kB)
Using cached beautifulsoup4-4.12.3-py3-none-any.whl (147 kB)
Using cached click-8.1.7-py3-none-any.whl (97 kB)
Using cached contourpy-1.1.1-cp38-cp38-manylinux_2_17_x86_64.manylinux2014_x86_64.whl (301 kB)
Using cached croniter-1.3.15-py2.py3-none-any.whl (19 kB)
Using cached cycler-0.12.1-py3-none-any.whl (8.3 kB)
Using cached dateutils-0.6.12-py2.py3-none-any.whl (5.7 kB)
Using cached deepdiff-7.0.1-py3-none-any.whl (80 kB)
Using cached docker_pycreds-0.4.0-py2.py3-none-any.whl (9.0 kB)
Using cached fastapi-0.88.0-py3-none-any.whl (55 kB)
Using cached starlette-0.22.0-py3-none-any.whl (64 kB)
Using cached fonttools-4.53.0-cp38-cp38-manylinux_2_17_x86_64.manylinux2014_x86_64.whl (4.7 MB)
Using cached fsspec-2023.12.2-py3-none-any.whl (168 kB)
Using cached GitPython-3.1.43-py3-none-any.whl (207 kB)
Using cached google_auth-2.29.0-py2.py3-none-any.whl (189 kB)
Using cached google_auth_oauthlib-1.0.0-py2.py3-none-any.whl (18 kB)
Using cached grpcio-1.64.1-cp38-cp38-manylinux_2_17_x86_64.manylinux2014_x86_64.whl (5.6 MB)
Using cached importlib_metadata-7.1.0-py3-none-any.whl (24 kB)
Using cached importlib_resources-6.4.0-py3-none-any.whl (38 kB)
Using cached inquirer-3.2.4-py3-none-any.whl (18 kB)
Using cached jsonschema-4.22.0-py3-none-any.whl (88 kB)
Using cached kiwisolver-1.4.5-cp38-cp38-manylinux_2_5_x86_64.manylinux1_x86_64.whl (1.2 MB)
Using cached kornia_rs-0.1.3-cp38-cp38-manylinux_2_17_x86_64.manylinux2014_x86_64.whl (2.4 MB)
Using cached lightning_cloud-0.5.69-py3-none-any.whl (1.1 MB)
Using cached lightning_utilities-0.11.2-py3-none-any.whl (26 kB)
Using cached Markdown-3.6-py3-none-any.whl (105 kB)
Using cached orjson-3.10.3-cp38-cp38-manylinux_2_17_x86_64.manylinux2014_x86_64.whl (142 kB)
Using cached packaging-24.0-py3-none-any.whl (53 kB)
Using cached pandas-2.0.3-cp38-cp38-manylinux_2_17_x86_64.manylinux2014_x86_64.whl (12.4 MB)
Using cached protobuf-4.25.3-cp37-abi3-manylinux2014_x86_64.whl (294 kB)
Using cached psutil-5.9.8-cp36-abi3-manylinux_2_12_x86_64.manylinux2010_x86_64.manylinux_2_17_x86_64.manylinux2014_x86_64.whl (288 kB)
Using cached pydantic-1.10.15-cp38-cp38-manylinux_2_17_x86_64.manylinux2014_x86_64.whl (3.2 MB)
Using cached pyparsing-3.1.2-py3-none-any.whl (103 kB)
Using cached python_dateutil-2.9.0.post0-py2.py3-none-any.whl (229 kB)
Using cached pytorch_lightning-2.2.5-py3-none-any.whl (802 kB)
Using cached PyYAML-6.0.1-cp38-cp38-manylinux_2_17_x86_64.manylinux2014_x86_64.whl (736 kB)
Using cached regex-2024.5.15-cp38-cp38-manylinux_2_17_x86_64.manylinux2014_x86_64.whl (776 kB)
Using cached requests-2.32.3-py3-none-any.whl (64 kB)
Using cached rich-13.7.1-py3-none-any.whl (240 kB)
Using cached scipy-1.10.1-cp38-cp38-manylinux_2_17_x86_64.manylinux2014_x86_64.whl (34.5 MB)
Using cached semantic_version-2.10.0-py2.py3-none-any.whl (15 kB)
Using cached sentry_sdk-2.4.0-py2.py3-none-any.whl (289 kB)
Using cached starsessions-1.3.0-py3-none-any.whl (10 kB)
Using cached tensorboard_data_server-0.7.2-py3-none-any.whl (2.4 kB)
Using cached timm-0.6.7-py3-none-any.whl (509 kB)
Using cached tokenizers-0.13.3-cp38-cp38-manylinux_2_17_x86_64.manylinux2014_x86_64.whl (7.8 MB)
Using cached tqdm-4.66.4-py3-none-any.whl (78 kB)
Using cached traitlets-5.14.3-py3-none-any.whl (85 kB)
Using cached typing_extensions-4.12.1-py3-none-any.whl (37 kB)
Using cached uvicorn-0.30.1-py3-none-any.whl (62 kB)
Using cached websocket_client-1.8.0-py3-none-any.whl (58 kB)
Using cached websockets-11.0.3-cp38-cp38-manylinux_2_5_x86_64.manylinux1_x86_64.manylinux_2_17_x86_64.manylinux2014_x86_64.whl (130 kB)
Using cached werkzeug-3.0.3-py3-none-any.whl (227 kB)
Using cached chardet-5.2.0-py3-none-any.whl (199 kB)
Using cached colorlog-6.8.2-py3-none-any.whl (11 kB)
Using cached embreex-2.17.7.post4-cp38-cp38-manylinux_2_28_x86_64.whl (17.0 MB)
Using cached ftfy-6.2.0-py3-none-any.whl (54 kB)
Using cached httpx-0.27.0-py3-none-any.whl (75 kB)
Using cached httpcore-1.0.5-py3-none-any.whl (77 kB)
Using cached imageio_ffmpeg-0.5.1-py3-none-manylinux2010_x86_64.whl (26.9 MB)
Using cached lxml-5.2.2-cp38-cp38-manylinux_2_28_x86_64.whl (5.1 MB)
Using cached mapbox_earcut-1.0.1-cp38-cp38-manylinux_2_17_x86_64.manylinux2014_x86_64.whl (104 kB)
Using cached opencv_python_headless-4.10.0.82-cp37-abi3-manylinux_2_17_x86_64.manylinux2014_x86_64.whl (49.9 MB)
Using cached platformdirs-4.2.2-py3-none-any.whl (18 kB)
Using cached pydub-0.25.1-py2.py3-none-any.whl (32 kB)
Using cached python_multipart-0.0.9-py3-none-any.whl (22 kB)
Using cached Rtree-1.2.0-py3-none-manylinux2014_x86_64.manylinux_2_17_x86_64.whl (535 kB)
Using cached scikit_image-0.21.0-cp38-cp38-manylinux_2_17_x86_64.manylinux2014_x86_64.whl (13.9 MB)
Using cached setproctitle-1.3.3-cp38-cp38-manylinux_2_5_x86_64.manylinux1_x86_64.manylinux_2_17_x86_64.manylinux2014_x86_64.whl (31 kB)
Using cached shapely-2.0.4-cp38-cp38-manylinux_2_17_x86_64.manylinux2014_x86_64.whl (2.5 MB)
Using cached svg.path-6.3-py2.py3-none-any.whl (16 kB)
Downloading torchvision-0.18.0-cp38-cp38-manylinux1_x86_64.whl (7.0 MB)
   ‚îÅ‚îÅ‚îÅ‚îÅ‚îÅ‚îÅ‚îÅ‚îÅ‚îÅ‚îÅ‚îÅ‚îÅ‚îÅ‚îÅ‚îÅ‚îÅ‚îÅ‚îÅ‚îÅ‚îÅ‚îÅ‚îÅ‚îÅ‚îÅ‚îÅ‚îÅ‚îÅ‚îÅ‚îÅ‚îÅ‚îÅ‚îÅ‚îÅ‚îÅ‚îÅ‚îÅ‚îÅ‚îÅ‚îÅ‚îÅ 7.0/7.0 MB 83.9 MB/s eta 0:00:00
Using cached trimesh-4.4.0-py3-none-any.whl (694 kB)
Using cached vhacdx-0.0.6-cp38-cp38-manylinux_2_17_x86_64.manylinux2014_x86_64.whl (206 kB)
Using cached xxhash-3.4.1-cp38-cp38-manylinux_2_17_x86_64.manylinux2014_x86_64.whl (194 kB)
Using cached aiohttp-3.9.5-cp38-cp38-manylinux_2_17_x86_64.manylinux2014_x86_64.whl (1.3 MB)
Using cached anyio-4.4.0-py3-none-any.whl (86 kB)
Using cached attrs-23.2.0-py3-none-any.whl (60 kB)
Using cached blessed-1.20.0-py2.py3-none-any.whl (58 kB)
Using cached cachetools-5.3.3-py3-none-any.whl (9.3 kB)
Using cached certifi-2024.6.2-py3-none-any.whl (164 kB)
Using cached charset_normalizer-3.3.2-cp38-cp38-manylinux_2_17_x86_64.manylinux2014_x86_64.whl (141 kB)
Using cached editor-1.6.6-py3-none-any.whl (4.0 kB)
Using cached gitdb-4.0.11-py3-none-any.whl (62 kB)
Using cached h11-0.14.0-py3-none-any.whl (58 kB)
Using cached idna-3.7-py3-none-any.whl (66 kB)
Using cached itsdangerous-2.2.0-py3-none-any.whl (16 kB)
Using cached jsonschema_specifications-2023.12.1-py3-none-any.whl (18 kB)
Using cached lazy_loader-0.4-py3-none-any.whl (12 kB)
Using cached markdown_it_py-3.0.0-py3-none-any.whl (87 kB)
Using cached ordered_set-4.1.0-py3-none-any.whl (7.6 kB)
Using cached pkgutil_resolve_name-1.3.10-py3-none-any.whl (4.7 kB)
Using cached pyasn1_modules-0.4.0-py3-none-any.whl (181 kB)
Using cached pygments-2.18.0-py3-none-any.whl (1.2 MB)
Using cached pytz-2024.1-py2.py3-none-any.whl (505 kB)
Using cached PyWavelets-1.4.1-cp38-cp38-manylinux_2_17_x86_64.manylinux2014_x86_64.whl (6.9 MB)
Using cached readchar-4.1.0-py3-none-any.whl (9.1 kB)
Using cached referencing-0.35.1-py3-none-any.whl (26 kB)
Using cached requests_oauthlib-2.0.0-py2.py3-none-any.whl (24 kB)
Using cached rpds_py-0.18.1-cp38-cp38-manylinux_2_17_x86_64.manylinux2014_x86_64.whl (1.1 MB)
Using cached rsa-4.9-py3-none-any.whl (34 kB)
Using cached six-1.16.0-py2.py3-none-any.whl (11 kB)
Using cached sniffio-1.3.1-py3-none-any.whl (10 kB)
Using cached soupsieve-2.5-py3-none-any.whl (36 kB)
Using cached tifffile-2023.7.10-py3-none-any.whl (220 kB)
Using cached types_python_dateutil-2.9.0.20240316-py3-none-any.whl (9.7 kB)
Using cached tzdata-2024.1-py2.py3-none-any.whl (345 kB)
Using cached wcwidth-0.2.13-py2.py3-none-any.whl (34 kB)
Using cached zipp-3.19.2-py3-none-any.whl (9.0 kB)
Downloading boto3-1.34.120-py3-none-any.whl (139 kB)
   ‚îÅ‚îÅ‚îÅ‚îÅ‚îÅ‚îÅ‚îÅ‚îÅ‚îÅ‚îÅ‚îÅ‚îÅ‚îÅ‚îÅ‚îÅ‚îÅ‚îÅ‚îÅ‚îÅ‚îÅ‚îÅ‚îÅ‚îÅ‚îÅ‚îÅ‚îÅ‚îÅ‚îÅ‚îÅ‚îÅ‚îÅ‚îÅ‚îÅ‚îÅ‚îÅ‚îÅ‚îÅ‚îÅ‚îÅ‚îÅ 139.3/139.3 kB 13.1 MB/s eta 0:00:00
Using cached PyJWT-2.8.0-py3-none-any.whl (22 kB)
Using cached toolz-0.12.1-py3-none-any.whl (56 kB)
Using cached aiosignal-1.3.1-py3-none-any.whl (7.6 kB)
Using cached async_timeout-4.0.3-py3-none-any.whl (5.7 kB)
Downloading botocore-1.34.120-py3-none-any.whl (12.3 MB)
   ‚îÅ‚îÅ‚îÅ‚îÅ‚îÅ‚îÅ‚îÅ‚îÅ‚îÅ‚îÅ‚îÅ‚îÅ‚îÅ‚îÅ‚îÅ‚îÅ‚îÅ‚îÅ‚îÅ‚îÅ‚îÅ‚îÅ‚îÅ‚îÅ‚îÅ‚îÅ‚îÅ‚îÅ‚îÅ‚îÅ‚îÅ‚îÅ‚îÅ‚îÅ‚îÅ‚îÅ‚îÅ‚îÅ‚îÅ‚îÅ 12.3/12.3 MB 77.7 MB/s eta 0:00:00
Using cached urllib3-1.26.18-py2.py3-none-any.whl (143 kB)
Using cached exceptiongroup-1.2.1-py3-none-any.whl (16 kB)
Using cached frozenlist-1.4.1-cp38-cp38-manylinux_2_5_x86_64.manylinux1_x86_64.manylinux_2_17_x86_64.manylinux2014_x86_64.whl (240 kB)
Using cached jmespath-1.0.1-py3-none-any.whl (20 kB)
Using cached mdurl-0.1.2-py3-none-any.whl (10.0 kB)
Using cached multidict-6.0.5-cp38-cp38-manylinux_2_17_x86_64.manylinux2014_x86_64.whl (129 kB)
Using cached oauthlib-3.2.2-py3-none-any.whl (151 kB)
Using cached pyasn1-0.6.0-py2.py3-none-any.whl (85 kB)
Using cached s3transfer-0.10.1-py3-none-any.whl (82 kB)
Using cached smmap-5.0.1-py3-none-any.whl (24 kB)
Using cached yarl-1.9.4-cp38-cp38-manylinux_2_17_x86_64.manylinux2014_x86_64.whl (308 kB)
Using cached nvidia_nvjitlink_cu12-12.5.40-py3-none-manylinux2014_x86_64.whl (21.3 MB)
Using cached runs-1.2.2-py3-none-any.whl (7.0 kB)
Using cached xmod-1.8.1-py3-none-any.whl (4.6 kB)
Building wheels for collected packages: nerfacc, tinycudann, nvdiffrast, envlight, clip
  Building wheel for nerfacc (setup.py): started
  Building wheel for nerfacc (setup.py): finished with status 'error'
  error: subprocess-exited-with-error
  
  √ó python setup.py bdist_wheel did not run successfully.
  ‚îÇ exit code: 1
  ‚ï∞‚îÄ> [162 lines of output]
      running bdist_wheel
      running build
      running build_py
      creating build
      creating build/lib.linux-x86_64-cpython-38
      creating build/lib.linux-x86_64-cpython-38/nerfacc
      copying nerfacc/data_specs.py -> build/lib.linux-x86_64-cpython-38/nerfacc
      copying nerfacc/cameras.py -> build/lib.linux-x86_64-cpython-38/nerfacc
      copying nerfacc/volrend.py -> build/lib.linux-x86_64-cpython-38/nerfacc
      copying nerfacc/pdf.py -> build/lib.linux-x86_64-cpython-38/nerfacc
      copying nerfacc/__init__.py -> build/lib.linux-x86_64-cpython-38/nerfacc
      copying nerfacc/pack.py -> build/lib.linux-x86_64-cpython-38/nerfacc
      copying nerfacc/version.py -> build/lib.linux-x86_64-cpython-38/nerfacc
      copying nerfacc/cameras2.py -> build/lib.linux-x86_64-cpython-38/nerfacc
      copying nerfacc/scan.py -> build/lib.linux-x86_64-cpython-38/nerfacc
      copying nerfacc/grid.py -> build/lib.linux-x86_64-cpython-38/nerfacc
      creating build/lib.linux-x86_64-cpython-38/nerfacc/cuda
      copying nerfacc/cuda/_backend.py -> build/lib.linux-x86_64-cpython-38/nerfacc/cuda
      copying nerfacc/cuda/__init__.py -> build/lib.linux-x86_64-cpython-38/nerfacc/cuda
      creating build/lib.linux-x86_64-cpython-38/nerfacc/estimators
      copying nerfacc/estimators/__init__.py -> build/lib.linux-x86_64-cpython-38/nerfacc/estimators
      copying nerfacc/estimators/base.py -> build/lib.linux-x86_64-cpython-38/nerfacc/estimators
      copying nerfacc/estimators/occ_grid.py -> build/lib.linux-x86_64-cpython-38/nerfacc/estimators
      copying nerfacc/estimators/prop_net.py -> build/lib.linux-x86_64-cpython-38/nerfacc/estimators
      running egg_info
      creating nerfacc.egg-info
      writing nerfacc.egg-info/PKG-INFO
      writing dependency_links to nerfacc.egg-info/dependency_links.txt
      writing requirements to nerfacc.egg-info/requires.txt
      writing top-level names to nerfacc.egg-info/top_level.txt
      writing manifest file 'nerfacc.egg-info/SOURCES.txt'
      reading manifest file 'nerfacc.egg-info/SOURCES.txt'
      reading manifest template 'MANIFEST.in'
      warning: no files found matching 'nerfacc/_cuda/csrc/include/*'
      warning: no files found matching 'nerfacc/_cuda/csrc/*'
      adding license file 'LICENSE'
      writing manifest file 'nerfacc.egg-info/SOURCES.txt'
      /home/jhuizing/.conda/envs/mvcontroljune6/lib/python3.8/site-packages/setuptools/command/build_py.py:207: _Warning: Package 'nerfacc.cuda.csrc' is absent from the `packages` configuration.
      !!
      
              ********************************************************************************
              ############################
              # Package would be ignored #
              ############################
              Python recognizes 'nerfacc.cuda.csrc' as an importable package[^1],
              but it is absent from setuptools' `packages` configuration.
      
              This leads to an ambiguous overall configuration. If you want to distribute this
              package, please make sure that 'nerfacc.cuda.csrc' is explicitly added
              to the `packages` configuration field.
      
              Alternatively, you can also rely on setuptools' discovery methods
              (for example by using `find_namespace_packages(...)`/`find_namespace:`
              instead of `find_packages(...)`/`find:`).
      
              You can read more about "package discovery" on setuptools documentation page:
      
              - https://setuptools.pypa.io/en/latest/userguide/package_discovery.html
      
              If you don't want 'nerfacc.cuda.csrc' to be distributed and are
              already explicitly excluding 'nerfacc.cuda.csrc' via
              `find_namespace_packages(...)/find_namespace` or `find_packages(...)/find`,
              you can try to use `exclude_package_data`, or `include-package-data=False` in
              combination with a more fine grained `package-data` configuration.
      
              You can read more about "package data files" on setuptools documentation page:
      
              - https://setuptools.pypa.io/en/latest/userguide/datafiles.html
      
      
              [^1]: For Python, any directory (with suitable naming) can be imported,
                    even if it does not contain any `.py` files.
                    On the other hand, currently there is no concept of package data
                    directory, all directories are treated like packages.
              ********************************************************************************
      
      !!
        check.warn(importable)
      /home/jhuizing/.conda/envs/mvcontroljune6/lib/python3.8/site-packages/setuptools/command/build_py.py:207: _Warning: Package 'nerfacc.cuda.csrc.include' is absent from the `packages` configuration.
      !!
      
              ********************************************************************************
              ############################
              # Package would be ignored #
              ############################
              Python recognizes 'nerfacc.cuda.csrc.include' as an importable package[^1],
              but it is absent from setuptools' `packages` configuration.
      
              This leads to an ambiguous overall configuration. If you want to distribute this
              package, please make sure that 'nerfacc.cuda.csrc.include' is explicitly added
              to the `packages` configuration field.
      
              Alternatively, you can also rely on setuptools' discovery methods
              (for example by using `find_namespace_packages(...)`/`find_namespace:`
              instead of `find_packages(...)`/`find:`).
      
              You can read more about "package discovery" on setuptools documentation page:
      
              - https://setuptools.pypa.io/en/latest/userguide/package_discovery.html
      
              If you don't want 'nerfacc.cuda.csrc.include' to be distributed and are
              already explicitly excluding 'nerfacc.cuda.csrc.include' via
              `find_namespace_packages(...)/find_namespace` or `find_packages(...)/find`,
              you can try to use `exclude_package_data`, or `include-package-data=False` in
              combination with a more fine grained `package-data` configuration.
      
              You can read more about "package data files" on setuptools documentation page:
      
              - https://setuptools.pypa.io/en/latest/userguide/datafiles.html
      
      
              [^1]: For Python, any directory (with suitable naming) can be imported,
                    even if it does not contain any `.py` files.
                    On the other hand, currently there is no concept of package data
                    directory, all directories are treated like packages.
              ********************************************************************************
      
      !!
        check.warn(importable)
      creating build/lib.linux-x86_64-cpython-38/nerfacc/cuda/csrc
      copying nerfacc/cuda/csrc/camera.cu -> build/lib.linux-x86_64-cpython-38/nerfacc/cuda/csrc
      copying nerfacc/cuda/csrc/grid.cu -> build/lib.linux-x86_64-cpython-38/nerfacc/cuda/csrc
      copying nerfacc/cuda/csrc/nerfacc.cpp -> build/lib.linux-x86_64-cpython-38/nerfacc/cuda/csrc
      copying nerfacc/cuda/csrc/pdf.cu -> build/lib.linux-x86_64-cpython-38/nerfacc/cuda/csrc
      copying nerfacc/cuda/csrc/scan.cu -> build/lib.linux-x86_64-cpython-38/nerfacc/cuda/csrc
      creating build/lib.linux-x86_64-cpython-38/nerfacc/cuda/csrc/include
      copying nerfacc/cuda/csrc/include/data_spec.hpp -> build/lib.linux-x86_64-cpython-38/nerfacc/cuda/csrc/include
      copying nerfacc/cuda/csrc/include/data_spec_packed.cuh -> build/lib.linux-x86_64-cpython-38/nerfacc/cuda/csrc/include
      copying nerfacc/cuda/csrc/include/utils_camera.cuh -> build/lib.linux-x86_64-cpython-38/nerfacc/cuda/csrc/include
      copying nerfacc/cuda/csrc/include/utils_contraction.cuh -> build/lib.linux-x86_64-cpython-38/nerfacc/cuda/csrc/include
      copying nerfacc/cuda/csrc/include/utils_cuda.cuh -> build/lib.linux-x86_64-cpython-38/nerfacc/cuda/csrc/include
      copying nerfacc/cuda/csrc/include/utils_grid.cuh -> build/lib.linux-x86_64-cpython-38/nerfacc/cuda/csrc/include
      copying nerfacc/cuda/csrc/include/utils_math.cuh -> build/lib.linux-x86_64-cpython-38/nerfacc/cuda/csrc/include
      copying nerfacc/cuda/csrc/include/utils_scan.cuh -> build/lib.linux-x86_64-cpython-38/nerfacc/cuda/csrc/include
      running build_ext
      /home/jhuizing/.conda/envs/mvcontroljune6/lib/python3.8/site-packages/torch/utils/cpp_extension.py:428: UserWarning: There are no g++ version bounds defined for CUDA version 11.8
        warnings.warn(f'There are no {compiler_name} version bounds defined for CUDA version {cuda_str_version}')
      building 'nerfacc.csrc' extension
      creating build/temp.linux-x86_64-cpython-38
      creating build/temp.linux-x86_64-cpython-38/nerfacc
      creating build/temp.linux-x86_64-cpython-38/nerfacc/cuda
      creating build/temp.linux-x86_64-cpython-38/nerfacc/cuda/csrc
      /home/jhuizing/.conda/envs/mvcontroljune6/lib/python3.8/site-packages/torch/utils/cpp_extension.py:1967: UserWarning: TORCH_CUDA_ARCH_LIST is not set, all archs for visible cards are included for compilation.
      If this is not desired, please set os.environ['TORCH_CUDA_ARCH_LIST'].
        warnings.warn(
      /sw/arch/RHEL8/EB_production/2022/software/CUDA/11.8.0/bin/nvcc -Inerfacc/cuda/csrc/include -I/home/jhuizing/.conda/envs/mvcontroljune6/lib/python3.8/site-packages/torch/include -I/home/jhuizing/.conda/envs/mvcontroljune6/lib/python3.8/site-packages/torch/include/torch/csrc/api/include -I/home/jhuizing/.conda/envs/mvcontroljune6/lib/python3.8/site-packages/torch/include/TH -I/home/jhuizing/.conda/envs/mvcontroljune6/lib/python3.8/site-packages/torch/include/THC -I/sw/arch/RHEL8/EB_production/2022/software/CUDA/11.8.0/include -I/home/jhuizing/.conda/envs/mvcontroljune6/include/python3.8 -c nerfacc/cuda/csrc/camera.cu -o build/temp.linux-x86_64-cpython-38/nerfacc/cuda/csrc/camera.o -D__CUDA_NO_HALF_OPERATORS__ -D__CUDA_NO_HALF_CONVERSIONS__ -D__CUDA_NO_BFLOAT16_CONVERSIONS__ -D__CUDA_NO_HALF2_OPERATORS__ --expt-relaxed-constexpr --compiler-options '-fPIC' -O3 --expt-relaxed-constexpr -DTORCH_API_INCLUDE_EXTENSION_H -DPYBIND11_COMPILER_TYPE=\"_gcc\" -DPYBIND11_STDLIB=\"_libstdcpp\" -DPYBIND11_BUILD_ABI=\"_cxxabi1011\" -DTORCH_EXTENSION_NAME=csrc -D_GLIBCXX_USE_CXX11_ABI=0 -gencode=arch=compute_80,code=compute_80 -gencode=arch=compute_80,code=sm_80 -std=c++17
      In file included from /home/jhuizing/.conda/envs/mvcontroljune6/lib/python3.8/site-packages/torch/include/ATen/core/TensorBase.h:14,
                       from /home/jhuizing/.conda/envs/mvcontroljune6/lib/python3.8/site-packages/torch/include/ATen/core/TensorBody.h:38,
                       from /home/jhuizing/.conda/envs/mvcontroljune6/lib/python3.8/site-packages/torch/include/ATen/core/Tensor.h:3,
                       from /home/jhuizing/.conda/envs/mvcontroljune6/lib/python3.8/site-packages/torch/include/ATen/Tensor.h:3,
                       from /home/jhuizing/.conda/envs/mvcontroljune6/lib/python3.8/site-packages/torch/include/torch/csrc/autograd/function_hook.h:3,
                       from /home/jhuizing/.conda/envs/mvcontroljune6/lib/python3.8/site-packages/torch/include/torch/csrc/autograd/cpp_hook.h:2,
                       from /home/jhuizing/.conda/envs/mvcontroljune6/lib/python3.8/site-packages/torch/include/torch/csrc/autograd/variable.h:6,
                       from /home/jhuizing/.conda/envs/mvcontroljune6/lib/python3.8/site-packages/torch/include/torch/csrc/autograd/autograd.h:3,
                       from /home/jhuizing/.conda/envs/mvcontroljune6/lib/python3.8/site-packages/torch/include/torch/csrc/api/include/torch/autograd.h:3,
                       from /home/jhuizing/.conda/envs/mvcontroljune6/lib/python3.8/site-packages/torch/include/torch/csrc/api/include/torch/all.h:7,
                       from /home/jhuizing/.conda/envs/mvcontroljune6/lib/python3.8/site-packages/torch/include/torch/extension.h:5,
                       from nerfacc/cuda/csrc/camera.cu:1:
      /home/jhuizing/.conda/envs/mvcontroljune6/lib/python3.8/site-packages/torch/include/c10/util/C++17.h:13:2: error: #error "You're trying to build PyTorch with a too old version of GCC. We need GCC 9 or later."
       #error \
        ^~~~~
      error: command '/sw/arch/RHEL8/EB_production/2022/software/CUDA/11.8.0/bin/nvcc' failed with exit code 1
      [end of output]
  
  note: This error originates from a subprocess, and is likely not a problem with pip.
  ERROR: Failed building wheel for nerfacc
  Running setup.py clean for nerfacc
  Building wheel for tinycudann (setup.py): started
  Building wheel for tinycudann (setup.py): still running...
slurmstepd: error: *** JOB 6523571 ON gcn18 CANCELLED AT 2024-06-06T11:17:53 ***
slurmstepd: error: container_p_join: setns failed for /slurm/6523571/.ns: Invalid argument
slurmstepd: error: container_g_join(6523571): Invalid argument

JOB STATISTICS
==============
Job ID: 6523571
Cluster: snellius
User/Group: jhuizing/jhuizing
State: CANCELLED (exit code 0)
Nodes: 1
Cores per node: 18
CPU Utilized: 00:02:59
CPU Efficiency: 0.49% of 10:09:54 core-walltime
Job Wall-clock time: 00:33:53
Memory Utilized: 5.18 GB
Memory Efficiency: 4.32% of 120.00 GB
