============================================================================================== 
Warning! Mixing Conda and module environments may lead to corruption of the
user environment. 
We do not recommend users mixing those two environments unless absolutely
necessary. Note that 
SURF does not provide any support for Conda environment.
For more information, please refer to our software policy page:
https://servicedesk.surf.nl/wiki/display/WIKI/Software+policy+Snellius#SoftwarepolicySnellius-UseofAnacondaandMinicondaenvironmentsonSnellius 

Remember that many packages have already been installed on the system and can
be loaded using 
the 'module load <package__name>' command. If you are uncertain if a package is
already available 
on the system, please use 'module avail' or 'module spider' to search for it.
============================================================================================== 
error: cannot pull with rebase: You have unstaged changes.
error: please commit or stash them.
fatal: destination path 'diff-gaussian-rasterization' already exists and is not an empty directory.
Processing ./diff-gaussian-rasterization
  Preparing metadata (setup.py): started
  Preparing metadata (setup.py): finished with status 'done'
Building wheels for collected packages: diff-gaussian-rasterization
  Building wheel for diff-gaussian-rasterization (setup.py): started
  Building wheel for diff-gaussian-rasterization (setup.py): finished with status 'error'
  error: subprocess-exited-with-error
  
  × python setup.py bdist_wheel did not run successfully.
  │ exit code: 1
  ╰─> [134 lines of output]
      running bdist_wheel
      running build
      running build_py
      creating build
      creating build/lib.linux-x86_64-cpython-38
      creating build/lib.linux-x86_64-cpython-38/diff_gaussian_rasterization
      copying diff_gaussian_rasterization/__init__.py -> build/lib.linux-x86_64-cpython-38/diff_gaussian_rasterization
      running build_ext
      /home/jhuizing/.conda/envs/lgm/lib/python3.8/site-packages/torch/utils/cpp_extension.py:425: UserWarning: There are no g++ version bounds defined for CUDA version 11.8
        warnings.warn(f'There are no {compiler_name} version bounds defined for CUDA version {cuda_str_version}')
      building 'diff_gaussian_rasterization._C' extension
      creating /gpfs/home6/jhuizing/master-thesis-ds/repos/LGM/diff-gaussian-rasterization/build/temp.linux-x86_64-cpython-38
      creating /gpfs/home6/jhuizing/master-thesis-ds/repos/LGM/diff-gaussian-rasterization/build/temp.linux-x86_64-cpython-38/cuda_rasterizer
      Emitting ninja build file /gpfs/home6/jhuizing/master-thesis-ds/repos/LGM/diff-gaussian-rasterization/build/temp.linux-x86_64-cpython-38/build.ninja...
      Compiling objects...
      Allowing ninja to set a default number of workers... (overridable by setting the environment variable MAX_JOBS=N)
      [1/5] /sw/arch/RHEL8/EB_production/2022/software/CUDA/11.8.0/bin/nvcc --generate-dependencies-with-compile --dependency-output /gpfs/home6/jhuizing/master-thesis-ds/repos/LGM/diff-gaussian-rasterization/build/temp.linux-x86_64-cpython-38/cuda_rasterizer/forward.o.d -I/home/jhuizing/.conda/envs/lgm/lib/python3.8/site-packages/torch/include -I/home/jhuizing/.conda/envs/lgm/lib/python3.8/site-packages/torch/include/torch/csrc/api/include -I/home/jhuizing/.conda/envs/lgm/lib/python3.8/site-packages/torch/include/TH -I/home/jhuizing/.conda/envs/lgm/lib/python3.8/site-packages/torch/include/THC -I/sw/arch/RHEL8/EB_production/2022/software/CUDA/11.8.0/include -I/home/jhuizing/.conda/envs/lgm/include/python3.8 -c -c /gpfs/home6/jhuizing/master-thesis-ds/repos/LGM/diff-gaussian-rasterization/cuda_rasterizer/forward.cu -o /gpfs/home6/jhuizing/master-thesis-ds/repos/LGM/diff-gaussian-rasterization/build/temp.linux-x86_64-cpython-38/cuda_rasterizer/forward.o -D__CUDA_NO_HALF_OPERATORS__ -D__CUDA_NO_HALF_CONVERSIONS__ -D__CUDA_NO_BFLOAT16_CONVERSIONS__ -D__CUDA_NO_HALF2_OPERATORS__ --expt-relaxed-constexpr --compiler-options ''"'"'-fPIC'"'"'' -I/gpfs/home6/jhuizing/master-thesis-ds/repos/LGM/diff-gaussian-rasterization/third_party/glm/ -DTORCH_API_INCLUDE_EXTENSION_H '-DPYBIND11_COMPILER_TYPE="_gcc"' '-DPYBIND11_STDLIB="_libstdcpp"' '-DPYBIND11_BUILD_ABI="_cxxabi1011"' -DTORCH_EXTENSION_NAME=_C -D_GLIBCXX_USE_CXX11_ABI=0 -gencode=arch=compute_80,code=compute_80 -gencode=arch=compute_80,code=sm_80 -std=c++17
      /gpfs/home6/jhuizing/master-thesis-ds/repos/LGM/diff-gaussian-rasterization/cuda_rasterizer/auxiliary.h(151): warning #177-D: variable "p_proj" was declared but never referenced
      
      [2/5] /sw/arch/RHEL8/EB_production/2022/software/CUDA/11.8.0/bin/nvcc --generate-dependencies-with-compile --dependency-output /gpfs/home6/jhuizing/master-thesis-ds/repos/LGM/diff-gaussian-rasterization/build/temp.linux-x86_64-cpython-38/cuda_rasterizer/backward.o.d -I/home/jhuizing/.conda/envs/lgm/lib/python3.8/site-packages/torch/include -I/home/jhuizing/.conda/envs/lgm/lib/python3.8/site-packages/torch/include/torch/csrc/api/include -I/home/jhuizing/.conda/envs/lgm/lib/python3.8/site-packages/torch/include/TH -I/home/jhuizing/.conda/envs/lgm/lib/python3.8/site-packages/torch/include/THC -I/sw/arch/RHEL8/EB_production/2022/software/CUDA/11.8.0/include -I/home/jhuizing/.conda/envs/lgm/include/python3.8 -c -c /gpfs/home6/jhuizing/master-thesis-ds/repos/LGM/diff-gaussian-rasterization/cuda_rasterizer/backward.cu -o /gpfs/home6/jhuizing/master-thesis-ds/repos/LGM/diff-gaussian-rasterization/build/temp.linux-x86_64-cpython-38/cuda_rasterizer/backward.o -D__CUDA_NO_HALF_OPERATORS__ -D__CUDA_NO_HALF_CONVERSIONS__ -D__CUDA_NO_BFLOAT16_CONVERSIONS__ -D__CUDA_NO_HALF2_OPERATORS__ --expt-relaxed-constexpr --compiler-options ''"'"'-fPIC'"'"'' -I/gpfs/home6/jhuizing/master-thesis-ds/repos/LGM/diff-gaussian-rasterization/third_party/glm/ -DTORCH_API_INCLUDE_EXTENSION_H '-DPYBIND11_COMPILER_TYPE="_gcc"' '-DPYBIND11_STDLIB="_libstdcpp"' '-DPYBIND11_BUILD_ABI="_cxxabi1011"' -DTORCH_EXTENSION_NAME=_C -D_GLIBCXX_USE_CXX11_ABI=0 -gencode=arch=compute_80,code=compute_80 -gencode=arch=compute_80,code=sm_80 -std=c++17
      /gpfs/home6/jhuizing/master-thesis-ds/repos/LGM/diff-gaussian-rasterization/cuda_rasterizer/auxiliary.h(151): warning #177-D: variable "p_proj" was declared but never referenced
      
      [3/5] /sw/arch/RHEL8/EB_production/2022/software/CUDA/11.8.0/bin/nvcc --generate-dependencies-with-compile --dependency-output /gpfs/home6/jhuizing/master-thesis-ds/repos/LGM/diff-gaussian-rasterization/build/temp.linux-x86_64-cpython-38/rasterize_points.o.d -I/home/jhuizing/.conda/envs/lgm/lib/python3.8/site-packages/torch/include -I/home/jhuizing/.conda/envs/lgm/lib/python3.8/site-packages/torch/include/torch/csrc/api/include -I/home/jhuizing/.conda/envs/lgm/lib/python3.8/site-packages/torch/include/TH -I/home/jhuizing/.conda/envs/lgm/lib/python3.8/site-packages/torch/include/THC -I/sw/arch/RHEL8/EB_production/2022/software/CUDA/11.8.0/include -I/home/jhuizing/.conda/envs/lgm/include/python3.8 -c -c /gpfs/home6/jhuizing/master-thesis-ds/repos/LGM/diff-gaussian-rasterization/rasterize_points.cu -o /gpfs/home6/jhuizing/master-thesis-ds/repos/LGM/diff-gaussian-rasterization/build/temp.linux-x86_64-cpython-38/rasterize_points.o -D__CUDA_NO_HALF_OPERATORS__ -D__CUDA_NO_HALF_CONVERSIONS__ -D__CUDA_NO_BFLOAT16_CONVERSIONS__ -D__CUDA_NO_HALF2_OPERATORS__ --expt-relaxed-constexpr --compiler-options ''"'"'-fPIC'"'"'' -I/gpfs/home6/jhuizing/master-thesis-ds/repos/LGM/diff-gaussian-rasterization/third_party/glm/ -DTORCH_API_INCLUDE_EXTENSION_H '-DPYBIND11_COMPILER_TYPE="_gcc"' '-DPYBIND11_STDLIB="_libstdcpp"' '-DPYBIND11_BUILD_ABI="_cxxabi1011"' -DTORCH_EXTENSION_NAME=_C -D_GLIBCXX_USE_CXX11_ABI=0 -gencode=arch=compute_80,code=compute_80 -gencode=arch=compute_80,code=sm_80 -std=c++17
      FAILED: /gpfs/home6/jhuizing/master-thesis-ds/repos/LGM/diff-gaussian-rasterization/build/temp.linux-x86_64-cpython-38/rasterize_points.o
      /sw/arch/RHEL8/EB_production/2022/software/CUDA/11.8.0/bin/nvcc --generate-dependencies-with-compile --dependency-output /gpfs/home6/jhuizing/master-thesis-ds/repos/LGM/diff-gaussian-rasterization/build/temp.linux-x86_64-cpython-38/rasterize_points.o.d -I/home/jhuizing/.conda/envs/lgm/lib/python3.8/site-packages/torch/include -I/home/jhuizing/.conda/envs/lgm/lib/python3.8/site-packages/torch/include/torch/csrc/api/include -I/home/jhuizing/.conda/envs/lgm/lib/python3.8/site-packages/torch/include/TH -I/home/jhuizing/.conda/envs/lgm/lib/python3.8/site-packages/torch/include/THC -I/sw/arch/RHEL8/EB_production/2022/software/CUDA/11.8.0/include -I/home/jhuizing/.conda/envs/lgm/include/python3.8 -c -c /gpfs/home6/jhuizing/master-thesis-ds/repos/LGM/diff-gaussian-rasterization/rasterize_points.cu -o /gpfs/home6/jhuizing/master-thesis-ds/repos/LGM/diff-gaussian-rasterization/build/temp.linux-x86_64-cpython-38/rasterize_points.o -D__CUDA_NO_HALF_OPERATORS__ -D__CUDA_NO_HALF_CONVERSIONS__ -D__CUDA_NO_BFLOAT16_CONVERSIONS__ -D__CUDA_NO_HALF2_OPERATORS__ --expt-relaxed-constexpr --compiler-options ''"'"'-fPIC'"'"'' -I/gpfs/home6/jhuizing/master-thesis-ds/repos/LGM/diff-gaussian-rasterization/third_party/glm/ -DTORCH_API_INCLUDE_EXTENSION_H '-DPYBIND11_COMPILER_TYPE="_gcc"' '-DPYBIND11_STDLIB="_libstdcpp"' '-DPYBIND11_BUILD_ABI="_cxxabi1011"' -DTORCH_EXTENSION_NAME=_C -D_GLIBCXX_USE_CXX11_ABI=0 -gencode=arch=compute_80,code=compute_80 -gencode=arch=compute_80,code=sm_80 -std=c++17
      In file included from /home/jhuizing/.conda/envs/lgm/lib/python3.8/site-packages/torch/include/c10/util/TypeList.h:3,
                       from /home/jhuizing/.conda/envs/lgm/lib/python3.8/site-packages/torch/include/c10/util/Metaprogramming.h:3,
                       from /home/jhuizing/.conda/envs/lgm/lib/python3.8/site-packages/torch/include/c10/core/DispatchKeySet.h:4,
                       from /home/jhuizing/.conda/envs/lgm/lib/python3.8/site-packages/torch/include/c10/core/Backend.h:5,
                       from /home/jhuizing/.conda/envs/lgm/lib/python3.8/site-packages/torch/include/c10/core/Layout.h:3,
                       from /home/jhuizing/.conda/envs/lgm/lib/python3.8/site-packages/torch/include/ATen/core/TensorBody.h:12,
                       from /home/jhuizing/.conda/envs/lgm/lib/python3.8/site-packages/torch/include/ATen/core/Tensor.h:3,
                       from /home/jhuizing/.conda/envs/lgm/lib/python3.8/site-packages/torch/include/ATen/Tensor.h:3,
                       from /home/jhuizing/.conda/envs/lgm/lib/python3.8/site-packages/torch/include/torch/csrc/autograd/function_hook.h:3,
                       from /home/jhuizing/.conda/envs/lgm/lib/python3.8/site-packages/torch/include/torch/csrc/autograd/cpp_hook.h:2,
                       from /home/jhuizing/.conda/envs/lgm/lib/python3.8/site-packages/torch/include/torch/csrc/autograd/variable.h:6,
                       from /home/jhuizing/.conda/envs/lgm/lib/python3.8/site-packages/torch/include/torch/csrc/autograd/autograd.h:3,
                       from /home/jhuizing/.conda/envs/lgm/lib/python3.8/site-packages/torch/include/torch/csrc/api/include/torch/autograd.h:3,
                       from /home/jhuizing/.conda/envs/lgm/lib/python3.8/site-packages/torch/include/torch/csrc/api/include/torch/all.h:7,
                       from /home/jhuizing/.conda/envs/lgm/lib/python3.8/site-packages/torch/include/torch/extension.h:5,
                       from /gpfs/home6/jhuizing/master-thesis-ds/repos/LGM/diff-gaussian-rasterization/rasterize_points.cu:13:
      /home/jhuizing/.conda/envs/lgm/lib/python3.8/site-packages/torch/include/c10/util/C++17.h:16:2: error: #error "You're trying to build PyTorch with a too old version of GCC. We need GCC 9 or later."
       #error \
        ^~~~~
      [4/5] /sw/arch/RHEL8/EB_production/2022/software/CUDA/11.8.0/bin/nvcc --generate-dependencies-with-compile --dependency-output /gpfs/home6/jhuizing/master-thesis-ds/repos/LGM/diff-gaussian-rasterization/build/temp.linux-x86_64-cpython-38/cuda_rasterizer/rasterizer_impl.o.d -I/home/jhuizing/.conda/envs/lgm/lib/python3.8/site-packages/torch/include -I/home/jhuizing/.conda/envs/lgm/lib/python3.8/site-packages/torch/include/torch/csrc/api/include -I/home/jhuizing/.conda/envs/lgm/lib/python3.8/site-packages/torch/include/TH -I/home/jhuizing/.conda/envs/lgm/lib/python3.8/site-packages/torch/include/THC -I/sw/arch/RHEL8/EB_production/2022/software/CUDA/11.8.0/include -I/home/jhuizing/.conda/envs/lgm/include/python3.8 -c -c /gpfs/home6/jhuizing/master-thesis-ds/repos/LGM/diff-gaussian-rasterization/cuda_rasterizer/rasterizer_impl.cu -o /gpfs/home6/jhuizing/master-thesis-ds/repos/LGM/diff-gaussian-rasterization/build/temp.linux-x86_64-cpython-38/cuda_rasterizer/rasterizer_impl.o -D__CUDA_NO_HALF_OPERATORS__ -D__CUDA_NO_HALF_CONVERSIONS__ -D__CUDA_NO_BFLOAT16_CONVERSIONS__ -D__CUDA_NO_HALF2_OPERATORS__ --expt-relaxed-constexpr --compiler-options ''"'"'-fPIC'"'"'' -I/gpfs/home6/jhuizing/master-thesis-ds/repos/LGM/diff-gaussian-rasterization/third_party/glm/ -DTORCH_API_INCLUDE_EXTENSION_H '-DPYBIND11_COMPILER_TYPE="_gcc"' '-DPYBIND11_STDLIB="_libstdcpp"' '-DPYBIND11_BUILD_ABI="_cxxabi1011"' -DTORCH_EXTENSION_NAME=_C -D_GLIBCXX_USE_CXX11_ABI=0 -gencode=arch=compute_80,code=compute_80 -gencode=arch=compute_80,code=sm_80 -std=c++17
      /gpfs/home6/jhuizing/master-thesis-ds/repos/LGM/diff-gaussian-rasterization/cuda_rasterizer/auxiliary.h(151): warning #177-D: variable "p_proj" was declared but never referenced
      
      [5/5] c++ -MMD -MF /gpfs/home6/jhuizing/master-thesis-ds/repos/LGM/diff-gaussian-rasterization/build/temp.linux-x86_64-cpython-38/ext.o.d -pthread -B /home/jhuizing/.conda/envs/lgm/compiler_compat -Wl,--sysroot=/ -Wsign-compare -DNDEBUG -g -fwrapv -O3 -Wall -Wstrict-prototypes -fPIC -I/home/jhuizing/.conda/envs/lgm/lib/python3.8/site-packages/torch/include -I/home/jhuizing/.conda/envs/lgm/lib/python3.8/site-packages/torch/include/torch/csrc/api/include -I/home/jhuizing/.conda/envs/lgm/lib/python3.8/site-packages/torch/include/TH -I/home/jhuizing/.conda/envs/lgm/lib/python3.8/site-packages/torch/include/THC -I/sw/arch/RHEL8/EB_production/2022/software/CUDA/11.8.0/include -I/home/jhuizing/.conda/envs/lgm/include/python3.8 -c -c /gpfs/home6/jhuizing/master-thesis-ds/repos/LGM/diff-gaussian-rasterization/ext.cpp -o /gpfs/home6/jhuizing/master-thesis-ds/repos/LGM/diff-gaussian-rasterization/build/temp.linux-x86_64-cpython-38/ext.o -DTORCH_API_INCLUDE_EXTENSION_H '-DPYBIND11_COMPILER_TYPE="_gcc"' '-DPYBIND11_STDLIB="_libstdcpp"' '-DPYBIND11_BUILD_ABI="_cxxabi1011"' -DTORCH_EXTENSION_NAME=_C -D_GLIBCXX_USE_CXX11_ABI=0 -std=c++17
      FAILED: /gpfs/home6/jhuizing/master-thesis-ds/repos/LGM/diff-gaussian-rasterization/build/temp.linux-x86_64-cpython-38/ext.o
      c++ -MMD -MF /gpfs/home6/jhuizing/master-thesis-ds/repos/LGM/diff-gaussian-rasterization/build/temp.linux-x86_64-cpython-38/ext.o.d -pthread -B /home/jhuizing/.conda/envs/lgm/compiler_compat -Wl,--sysroot=/ -Wsign-compare -DNDEBUG -g -fwrapv -O3 -Wall -Wstrict-prototypes -fPIC -I/home/jhuizing/.conda/envs/lgm/lib/python3.8/site-packages/torch/include -I/home/jhuizing/.conda/envs/lgm/lib/python3.8/site-packages/torch/include/torch/csrc/api/include -I/home/jhuizing/.conda/envs/lgm/lib/python3.8/site-packages/torch/include/TH -I/home/jhuizing/.conda/envs/lgm/lib/python3.8/site-packages/torch/include/THC -I/sw/arch/RHEL8/EB_production/2022/software/CUDA/11.8.0/include -I/home/jhuizing/.conda/envs/lgm/include/python3.8 -c -c /gpfs/home6/jhuizing/master-thesis-ds/repos/LGM/diff-gaussian-rasterization/ext.cpp -o /gpfs/home6/jhuizing/master-thesis-ds/repos/LGM/diff-gaussian-rasterization/build/temp.linux-x86_64-cpython-38/ext.o -DTORCH_API_INCLUDE_EXTENSION_H '-DPYBIND11_COMPILER_TYPE="_gcc"' '-DPYBIND11_STDLIB="_libstdcpp"' '-DPYBIND11_BUILD_ABI="_cxxabi1011"' -DTORCH_EXTENSION_NAME=_C -D_GLIBCXX_USE_CXX11_ABI=0 -std=c++17
      cc1plus: warning: command line option ‘-Wstrict-prototypes’ is valid for C/ObjC but not for C++
      In file included from /home/jhuizing/.conda/envs/lgm/lib/python3.8/site-packages/torch/include/c10/util/TypeList.h:3,
                       from /home/jhuizing/.conda/envs/lgm/lib/python3.8/site-packages/torch/include/c10/util/Metaprogramming.h:3,
                       from /home/jhuizing/.conda/envs/lgm/lib/python3.8/site-packages/torch/include/c10/core/DispatchKeySet.h:4,
                       from /home/jhuizing/.conda/envs/lgm/lib/python3.8/site-packages/torch/include/c10/core/Backend.h:5,
                       from /home/jhuizing/.conda/envs/lgm/lib/python3.8/site-packages/torch/include/c10/core/Layout.h:3,
                       from /home/jhuizing/.conda/envs/lgm/lib/python3.8/site-packages/torch/include/ATen/core/TensorBody.h:12,
                       from /home/jhuizing/.conda/envs/lgm/lib/python3.8/site-packages/torch/include/ATen/core/Tensor.h:3,
                       from /home/jhuizing/.conda/envs/lgm/lib/python3.8/site-packages/torch/include/ATen/Tensor.h:3,
                       from /home/jhuizing/.conda/envs/lgm/lib/python3.8/site-packages/torch/include/torch/csrc/autograd/function_hook.h:3,
                       from /home/jhuizing/.conda/envs/lgm/lib/python3.8/site-packages/torch/include/torch/csrc/autograd/cpp_hook.h:2,
                       from /home/jhuizing/.conda/envs/lgm/lib/python3.8/site-packages/torch/include/torch/csrc/autograd/variable.h:6,
                       from /home/jhuizing/.conda/envs/lgm/lib/python3.8/site-packages/torch/include/torch/csrc/autograd/autograd.h:3,
                       from /home/jhuizing/.conda/envs/lgm/lib/python3.8/site-packages/torch/include/torch/csrc/api/include/torch/autograd.h:3,
                       from /home/jhuizing/.conda/envs/lgm/lib/python3.8/site-packages/torch/include/torch/csrc/api/include/torch/all.h:7,
                       from /home/jhuizing/.conda/envs/lgm/lib/python3.8/site-packages/torch/include/torch/extension.h:5,
                       from /gpfs/home6/jhuizing/master-thesis-ds/repos/LGM/diff-gaussian-rasterization/ext.cpp:12:
      /home/jhuizing/.conda/envs/lgm/lib/python3.8/site-packages/torch/include/c10/util/C++17.h:16:2: error: #error "You're trying to build PyTorch with a too old version of GCC. We need GCC 9 or later."
       #error \
        ^~~~~
      ninja: build stopped: subcommand failed.
      Traceback (most recent call last):
        File "/home/jhuizing/.conda/envs/lgm/lib/python3.8/site-packages/torch/utils/cpp_extension.py", line 2096, in _run_ninja_build
          subprocess.run(
        File "/home/jhuizing/.conda/envs/lgm/lib/python3.8/subprocess.py", line 516, in run
          raise CalledProcessError(retcode, process.args,
      subprocess.CalledProcessError: Command '['ninja', '-v']' returned non-zero exit status 1.
      
      The above exception was the direct cause of the following exception:
      
      Traceback (most recent call last):
        File "<string>", line 2, in <module>
        File "<pip-setuptools-caller>", line 34, in <module>
        File "/gpfs/home6/jhuizing/master-thesis-ds/repos/LGM/diff-gaussian-rasterization/setup.py", line 17, in <module>
          setup(
        File "/home/jhuizing/.conda/envs/lgm/lib/python3.8/site-packages/setuptools/__init__.py", line 103, in setup
          return distutils.core.setup(**attrs)
        File "/home/jhuizing/.conda/envs/lgm/lib/python3.8/site-packages/setuptools/_distutils/core.py", line 185, in setup
          return run_commands(dist)
        File "/home/jhuizing/.conda/envs/lgm/lib/python3.8/site-packages/setuptools/_distutils/core.py", line 201, in run_commands
          dist.run_commands()
        File "/home/jhuizing/.conda/envs/lgm/lib/python3.8/site-packages/setuptools/_distutils/dist.py", line 969, in run_commands
          self.run_command(cmd)
        File "/home/jhuizing/.conda/envs/lgm/lib/python3.8/site-packages/setuptools/dist.py", line 989, in run_command
          super().run_command(command)
        File "/home/jhuizing/.conda/envs/lgm/lib/python3.8/site-packages/setuptools/_distutils/dist.py", line 988, in run_command
          cmd_obj.run()
        File "/home/jhuizing/.conda/envs/lgm/lib/python3.8/site-packages/wheel/bdist_wheel.py", line 364, in run
          self.run_command("build")
        File "/home/jhuizing/.conda/envs/lgm/lib/python3.8/site-packages/setuptools/_distutils/cmd.py", line 318, in run_command
          self.distribution.run_command(command)
        File "/home/jhuizing/.conda/envs/lgm/lib/python3.8/site-packages/setuptools/dist.py", line 989, in run_command
          super().run_command(command)
        File "/home/jhuizing/.conda/envs/lgm/lib/python3.8/site-packages/setuptools/_distutils/dist.py", line 988, in run_command
          cmd_obj.run()
        File "/home/jhuizing/.conda/envs/lgm/lib/python3.8/site-packages/setuptools/_distutils/command/build.py", line 131, in run
          self.run_command(cmd_name)
        File "/home/jhuizing/.conda/envs/lgm/lib/python3.8/site-packages/setuptools/_distutils/cmd.py", line 318, in run_command
          self.distribution.run_command(command)
        File "/home/jhuizing/.conda/envs/lgm/lib/python3.8/site-packages/setuptools/dist.py", line 989, in run_command
          super().run_command(command)
        File "/home/jhuizing/.conda/envs/lgm/lib/python3.8/site-packages/setuptools/_distutils/dist.py", line 988, in run_command
          cmd_obj.run()
        File "/home/jhuizing/.conda/envs/lgm/lib/python3.8/site-packages/setuptools/command/build_ext.py", line 88, in run
          _build_ext.run(self)
        File "/home/jhuizing/.conda/envs/lgm/lib/python3.8/site-packages/setuptools/_distutils/command/build_ext.py", line 345, in run
          self.build_extensions()
        File "/home/jhuizing/.conda/envs/lgm/lib/python3.8/site-packages/torch/utils/cpp_extension.py", line 871, in build_extensions
          build_ext.build_extensions(self)
        File "/home/jhuizing/.conda/envs/lgm/lib/python3.8/site-packages/setuptools/_distutils/command/build_ext.py", line 467, in build_extensions
          self._build_extensions_serial()
        File "/home/jhuizing/.conda/envs/lgm/lib/python3.8/site-packages/setuptools/_distutils/command/build_ext.py", line 493, in _build_extensions_serial
          self.build_extension(ext)
        File "/home/jhuizing/.conda/envs/lgm/lib/python3.8/site-packages/setuptools/command/build_ext.py", line 249, in build_extension
          _build_ext.build_extension(self, ext)
        File "/home/jhuizing/.conda/envs/lgm/lib/python3.8/site-packages/setuptools/_distutils/command/build_ext.py", line 548, in build_extension
          objects = self.compiler.compile(
        File "/home/jhuizing/.conda/envs/lgm/lib/python3.8/site-packages/torch/utils/cpp_extension.py", line 684, in unix_wrap_ninja_compile
          _write_ninja_file_and_compile_objects(
        File "/home/jhuizing/.conda/envs/lgm/lib/python3.8/site-packages/torch/utils/cpp_extension.py", line 1774, in _write_ninja_file_and_compile_objects
          _run_ninja_build(
        File "/home/jhuizing/.conda/envs/lgm/lib/python3.8/site-packages/torch/utils/cpp_extension.py", line 2112, in _run_ninja_build
          raise RuntimeError(message) from e
      RuntimeError: Error compiling objects for extension
      [end of output]
  
  note: This error originates from a subprocess, and is likely not a problem with pip.
  ERROR: Failed building wheel for diff-gaussian-rasterization
  Running setup.py clean for diff-gaussian-rasterization
Failed to build diff-gaussian-rasterization
ERROR: Could not build wheels for diff-gaussian-rasterization, which is required to install pyproject.toml-based projects

JOB STATISTICS
==============
Job ID: 5926707
Cluster: snellius
User/Group: jhuizing/jhuizing
State: RUNNING
Nodes: 1
Cores per node: 18
CPU Utilized: 00:00:00
CPU Efficiency: 0.00% of 00:12:36 core-walltime
Job Wall-clock time: 00:00:42
Memory Utilized: 0.00 MB (estimated maximum)
Memory Efficiency: 0.00% of 120.00 GB (120.00 GB/node)
WARNING: Efficiency statistics may be misleading for RUNNING jobs.
