============================================================================================== 
Warning! Mixing Conda and module environments may lead to corruption of the
user environment. 
We do not recommend users mixing those two environments unless absolutely
necessary. Note that 
SURF does not provide any support for Conda environment.
For more information, please refer to our software policy page:
https://servicedesk.surf.nl/wiki/display/WIKI/Software+policy+Snellius#SoftwarepolicySnellius-UseofAnacondaandMinicondaenvironmentsonSnellius 

Remember that many packages have already been installed on the system and can
be loaded using 
the 'module load <package__name>' command. If you are uncertain if a package is
already available 
on the system, please use 'module avail' or 'module spider' to search for it.
============================================================================================== 
Already up to date.

Remove all packages in environment /home/jhuizing/.conda/envs/dreamgaussian:

Collecting package metadata (repodata.json): ...working... done
Solving environment: ...working... failed

ResolvePackageNotFound: 
  - torch==2.1.0+cu121

Could not find conda environment: dreamgaussian
You can list all discoverable environments with `conda info --envs`.

fatal: destination path 'diff-gaussian-rasterization' already exists and is not an empty directory.
Defaulting to user installation because normal site-packages is not writeable
Processing ./diff-gaussian-rasterization
  DEPRECATION: A future pip version will change local packages to be built in-place without first copying to a temporary directory. We recommend you use --use-feature=in-tree-build to test your packages with this new behavior before it becomes the default.
   pip 21.3 will remove support for this functionality. You can find discussion regarding this at https://github.com/pypa/pip/issues/7555.
Building wheels for collected packages: diff-gaussian-rasterization
  Building wheel for diff-gaussian-rasterization (setup.py): started
  Building wheel for diff-gaussian-rasterization (setup.py): finished with status 'error'
  ERROR: Command errored out with exit status 1:
   command: /sw/arch/RHEL8/EB_production/2022/software/Anaconda3/2022.05/bin/python -u -c 'import io, os, sys, setuptools, tokenize; sys.argv[0] = '"'"'/gpfs/scratch1/nodespecific/gcn49/jhuizing.5853436/pip-req-build-yj42605i/setup.py'"'"'; __file__='"'"'/gpfs/scratch1/nodespecific/gcn49/jhuizing.5853436/pip-req-build-yj42605i/setup.py'"'"';f = getattr(tokenize, '"'"'open'"'"', open)(__file__) if os.path.exists(__file__) else io.StringIO('"'"'from setuptools import setup; setup()'"'"');code = f.read().replace('"'"'\r\n'"'"', '"'"'\n'"'"');f.close();exec(compile(code, __file__, '"'"'exec'"'"'))' bdist_wheel -d /gpfs/scratch1/nodespecific/gcn49/jhuizing.5853436/pip-wheel-i216o5rp
       cwd: /gpfs/scratch1/nodespecific/gcn49/jhuizing.5853436/pip-req-build-yj42605i/
  Complete output (54 lines):
  running bdist_wheel
  running build
  running build_py
  creating build
  creating build/lib.linux-x86_64-3.9
  creating build/lib.linux-x86_64-3.9/diff_gaussian_rasterization
  copying diff_gaussian_rasterization/__init__.py -> build/lib.linux-x86_64-3.9/diff_gaussian_rasterization
  running build_ext
  Traceback (most recent call last):
    File "<string>", line 1, in <module>
    File "/gpfs/scratch1/nodespecific/gcn49/jhuizing.5853436/pip-req-build-yj42605i/setup.py", line 17, in <module>
      setup(
    File "/sw/arch/RHEL8/EB_production/2022/software/Anaconda3/2022.05/lib/python3.9/site-packages/setuptools/__init__.py", line 87, in setup
      return distutils.core.setup(**attrs)
    File "/sw/arch/RHEL8/EB_production/2022/software/Anaconda3/2022.05/lib/python3.9/site-packages/setuptools/_distutils/core.py", line 148, in setup
      return run_commands(dist)
    File "/sw/arch/RHEL8/EB_production/2022/software/Anaconda3/2022.05/lib/python3.9/site-packages/setuptools/_distutils/core.py", line 163, in run_commands
      dist.run_commands()
    File "/sw/arch/RHEL8/EB_production/2022/software/Anaconda3/2022.05/lib/python3.9/site-packages/setuptools/_distutils/dist.py", line 967, in run_commands
      self.run_command(cmd)
    File "/sw/arch/RHEL8/EB_production/2022/software/Anaconda3/2022.05/lib/python3.9/site-packages/setuptools/dist.py", line 1214, in run_command
      super().run_command(command)
    File "/sw/arch/RHEL8/EB_production/2022/software/Anaconda3/2022.05/lib/python3.9/site-packages/setuptools/_distutils/dist.py", line 986, in run_command
      cmd_obj.run()
    File "/sw/arch/RHEL8/EB_production/2022/software/Anaconda3/2022.05/lib/python3.9/site-packages/wheel/bdist_wheel.py", line 299, in run
      self.run_command('build')
    File "/sw/arch/RHEL8/EB_production/2022/software/Anaconda3/2022.05/lib/python3.9/site-packages/setuptools/_distutils/cmd.py", line 313, in run_command
      self.distribution.run_command(command)
    File "/sw/arch/RHEL8/EB_production/2022/software/Anaconda3/2022.05/lib/python3.9/site-packages/setuptools/dist.py", line 1214, in run_command
      super().run_command(command)
    File "/sw/arch/RHEL8/EB_production/2022/software/Anaconda3/2022.05/lib/python3.9/site-packages/setuptools/_distutils/dist.py", line 986, in run_command
      cmd_obj.run()
    File "/sw/arch/RHEL8/EB_production/2022/software/Anaconda3/2022.05/lib/python3.9/site-packages/setuptools/_distutils/command/build.py", line 135, in run
      self.run_command(cmd_name)
    File "/sw/arch/RHEL8/EB_production/2022/software/Anaconda3/2022.05/lib/python3.9/site-packages/setuptools/_distutils/cmd.py", line 313, in run_command
      self.distribution.run_command(command)
    File "/sw/arch/RHEL8/EB_production/2022/software/Anaconda3/2022.05/lib/python3.9/site-packages/setuptools/dist.py", line 1214, in run_command
      super().run_command(command)
    File "/sw/arch/RHEL8/EB_production/2022/software/Anaconda3/2022.05/lib/python3.9/site-packages/setuptools/_distutils/dist.py", line 986, in run_command
      cmd_obj.run()
    File "/sw/arch/RHEL8/EB_production/2022/software/Anaconda3/2022.05/lib/python3.9/site-packages/setuptools/command/build_ext.py", line 79, in run
      _build_ext.run(self)
    File "/sw/arch/RHEL8/EB_production/2022/software/Anaconda3/2022.05/lib/python3.9/site-packages/Cython/Distutils/old_build_ext.py", line 186, in run
      _build_ext.build_ext.run(self)
    File "/sw/arch/RHEL8/EB_production/2022/software/Anaconda3/2022.05/lib/python3.9/site-packages/setuptools/_distutils/command/build_ext.py", line 339, in run
      self.build_extensions()
    File "/home/jhuizing/.local/lib/python3.9/site-packages/torch/utils/cpp_extension.py", line 523, in build_extensions
      _check_cuda_version(compiler_name, compiler_version)
    File "/home/jhuizing/.local/lib/python3.9/site-packages/torch/utils/cpp_extension.py", line 414, in _check_cuda_version
      raise RuntimeError(CUDA_MISMATCH_MESSAGE.format(cuda_str_version, torch.version.cuda))
  RuntimeError:
  The detected CUDA version (11.6) mismatches the version that was used to compile
  PyTorch (12.1). Please make sure to use the same CUDA versions.
  
  ----------------------------------------
  ERROR: Failed building wheel for diff-gaussian-rasterization
  Running setup.py clean for diff-gaussian-rasterization
Failed to build diff-gaussian-rasterization
Installing collected packages: diff-gaussian-rasterization
    Running setup.py install for diff-gaussian-rasterization: started
    Running setup.py install for diff-gaussian-rasterization: finished with status 'error'
    ERROR: Command errored out with exit status 1:
     command: /sw/arch/RHEL8/EB_production/2022/software/Anaconda3/2022.05/bin/python -u -c 'import io, os, sys, setuptools, tokenize; sys.argv[0] = '"'"'/gpfs/scratch1/nodespecific/gcn49/jhuizing.5853436/pip-req-build-yj42605i/setup.py'"'"'; __file__='"'"'/gpfs/scratch1/nodespecific/gcn49/jhuizing.5853436/pip-req-build-yj42605i/setup.py'"'"';f = getattr(tokenize, '"'"'open'"'"', open)(__file__) if os.path.exists(__file__) else io.StringIO('"'"'from setuptools import setup; setup()'"'"');code = f.read().replace('"'"'\r\n'"'"', '"'"'\n'"'"');f.close();exec(compile(code, __file__, '"'"'exec'"'"'))' install --record /gpfs/scratch1/nodespecific/gcn49/jhuizing.5853436/pip-record-qstbwsra/install-record.txt --single-version-externally-managed --user --prefix= --compile --install-headers /home/jhuizing/.local/include/python3.9/diff-gaussian-rasterization
         cwd: /gpfs/scratch1/nodespecific/gcn49/jhuizing.5853436/pip-req-build-yj42605i/
    Complete output (58 lines):
    running install
    /sw/arch/RHEL8/EB_production/2022/software/Anaconda3/2022.05/lib/python3.9/site-packages/setuptools/command/install.py:34: SetuptoolsDeprecationWarning: setup.py install is deprecated. Use build and pip and other standards-based tools.
      warnings.warn(
    running build
    running build_py
    creating build
    creating build/lib.linux-x86_64-3.9
    creating build/lib.linux-x86_64-3.9/diff_gaussian_rasterization
    copying diff_gaussian_rasterization/__init__.py -> build/lib.linux-x86_64-3.9/diff_gaussian_rasterization
    running build_ext
    Traceback (most recent call last):
      File "<string>", line 1, in <module>
      File "/gpfs/scratch1/nodespecific/gcn49/jhuizing.5853436/pip-req-build-yj42605i/setup.py", line 17, in <module>
        setup(
      File "/sw/arch/RHEL8/EB_production/2022/software/Anaconda3/2022.05/lib/python3.9/site-packages/setuptools/__init__.py", line 87, in setup
        return distutils.core.setup(**attrs)
      File "/sw/arch/RHEL8/EB_production/2022/software/Anaconda3/2022.05/lib/python3.9/site-packages/setuptools/_distutils/core.py", line 148, in setup
        return run_commands(dist)
      File "/sw/arch/RHEL8/EB_production/2022/software/Anaconda3/2022.05/lib/python3.9/site-packages/setuptools/_distutils/core.py", line 163, in run_commands
        dist.run_commands()
      File "/sw/arch/RHEL8/EB_production/2022/software/Anaconda3/2022.05/lib/python3.9/site-packages/setuptools/_distutils/dist.py", line 967, in run_commands
        self.run_command(cmd)
      File "/sw/arch/RHEL8/EB_production/2022/software/Anaconda3/2022.05/lib/python3.9/site-packages/setuptools/dist.py", line 1214, in run_command
        super().run_command(command)
      File "/sw/arch/RHEL8/EB_production/2022/software/Anaconda3/2022.05/lib/python3.9/site-packages/setuptools/_distutils/dist.py", line 986, in run_command
        cmd_obj.run()
      File "/sw/arch/RHEL8/EB_production/2022/software/Anaconda3/2022.05/lib/python3.9/site-packages/setuptools/command/install.py", line 68, in run
        return orig.install.run(self)
      File "/sw/arch/RHEL8/EB_production/2022/software/Anaconda3/2022.05/lib/python3.9/site-packages/setuptools/_distutils/command/install.py", line 664, in run
        self.run_command('build')
      File "/sw/arch/RHEL8/EB_production/2022/software/Anaconda3/2022.05/lib/python3.9/site-packages/setuptools/_distutils/cmd.py", line 313, in run_command
        self.distribution.run_command(command)
      File "/sw/arch/RHEL8/EB_production/2022/software/Anaconda3/2022.05/lib/python3.9/site-packages/setuptools/dist.py", line 1214, in run_command
        super().run_command(command)
      File "/sw/arch/RHEL8/EB_production/2022/software/Anaconda3/2022.05/lib/python3.9/site-packages/setuptools/_distutils/dist.py", line 986, in run_command
        cmd_obj.run()
      File "/sw/arch/RHEL8/EB_production/2022/software/Anaconda3/2022.05/lib/python3.9/site-packages/setuptools/_distutils/command/build.py", line 135, in run
        self.run_command(cmd_name)
      File "/sw/arch/RHEL8/EB_production/2022/software/Anaconda3/2022.05/lib/python3.9/site-packages/setuptools/_distutils/cmd.py", line 313, in run_command
        self.distribution.run_command(command)
      File "/sw/arch/RHEL8/EB_production/2022/software/Anaconda3/2022.05/lib/python3.9/site-packages/setuptools/dist.py", line 1214, in run_command
        super().run_command(command)
      File "/sw/arch/RHEL8/EB_production/2022/software/Anaconda3/2022.05/lib/python3.9/site-packages/setuptools/_distutils/dist.py", line 986, in run_command
        cmd_obj.run()
      File "/sw/arch/RHEL8/EB_production/2022/software/Anaconda3/2022.05/lib/python3.9/site-packages/setuptools/command/build_ext.py", line 79, in run
        _build_ext.run(self)
      File "/sw/arch/RHEL8/EB_production/2022/software/Anaconda3/2022.05/lib/python3.9/site-packages/Cython/Distutils/old_build_ext.py", line 186, in run
        _build_ext.build_ext.run(self)
      File "/sw/arch/RHEL8/EB_production/2022/software/Anaconda3/2022.05/lib/python3.9/site-packages/setuptools/_distutils/command/build_ext.py", line 339, in run
        self.build_extensions()
      File "/home/jhuizing/.local/lib/python3.9/site-packages/torch/utils/cpp_extension.py", line 523, in build_extensions
        _check_cuda_version(compiler_name, compiler_version)
      File "/home/jhuizing/.local/lib/python3.9/site-packages/torch/utils/cpp_extension.py", line 414, in _check_cuda_version
        raise RuntimeError(CUDA_MISMATCH_MESSAGE.format(cuda_str_version, torch.version.cuda))
    RuntimeError:
    The detected CUDA version (11.6) mismatches the version that was used to compile
    PyTorch (12.1). Please make sure to use the same CUDA versions.
    
    ----------------------------------------
ERROR: Command errored out with exit status 1: /sw/arch/RHEL8/EB_production/2022/software/Anaconda3/2022.05/bin/python -u -c 'import io, os, sys, setuptools, tokenize; sys.argv[0] = '"'"'/gpfs/scratch1/nodespecific/gcn49/jhuizing.5853436/pip-req-build-yj42605i/setup.py'"'"'; __file__='"'"'/gpfs/scratch1/nodespecific/gcn49/jhuizing.5853436/pip-req-build-yj42605i/setup.py'"'"';f = getattr(tokenize, '"'"'open'"'"', open)(__file__) if os.path.exists(__file__) else io.StringIO('"'"'from setuptools import setup; setup()'"'"');code = f.read().replace('"'"'\r\n'"'"', '"'"'\n'"'"');f.close();exec(compile(code, __file__, '"'"'exec'"'"'))' install --record /gpfs/scratch1/nodespecific/gcn49/jhuizing.5853436/pip-record-qstbwsra/install-record.txt --single-version-externally-managed --user --prefix= --compile --install-headers /home/jhuizing/.local/include/python3.9/diff-gaussian-rasterization Check the logs for full command output.
fatal: destination path 'diff-gaussian-rasterization' already exists and is not an empty directory.
Defaulting to user installation because normal site-packages is not writeable
Processing ./diff-gaussian-rasterization
  DEPRECATION: A future pip version will change local packages to be built in-place without first copying to a temporary directory. We recommend you use --use-feature=in-tree-build to test your packages with this new behavior before it becomes the default.
   pip 21.3 will remove support for this functionality. You can find discussion regarding this at https://github.com/pypa/pip/issues/7555.
Building wheels for collected packages: diff-gaussian-rasterization
  Building wheel for diff-gaussian-rasterization (setup.py): started
  Building wheel for diff-gaussian-rasterization (setup.py): finished with status 'error'
  ERROR: Command errored out with exit status 1:
   command: /sw/arch/RHEL8/EB_production/2022/software/Anaconda3/2022.05/bin/python -u -c 'import io, os, sys, setuptools, tokenize; sys.argv[0] = '"'"'/gpfs/scratch1/nodespecific/gcn49/jhuizing.5853436/pip-req-build-mr10g7ta/setup.py'"'"'; __file__='"'"'/gpfs/scratch1/nodespecific/gcn49/jhuizing.5853436/pip-req-build-mr10g7ta/setup.py'"'"';f = getattr(tokenize, '"'"'open'"'"', open)(__file__) if os.path.exists(__file__) else io.StringIO('"'"'from setuptools import setup; setup()'"'"');code = f.read().replace('"'"'\r\n'"'"', '"'"'\n'"'"');f.close();exec(compile(code, __file__, '"'"'exec'"'"'))' bdist_wheel -d /gpfs/scratch1/nodespecific/gcn49/jhuizing.5853436/pip-wheel-qwjl8p4g
       cwd: /gpfs/scratch1/nodespecific/gcn49/jhuizing.5853436/pip-req-build-mr10g7ta/
  Complete output (54 lines):
  running bdist_wheel
  running build
  running build_py
  creating build
  creating build/lib.linux-x86_64-3.9
  creating build/lib.linux-x86_64-3.9/diff_gaussian_rasterization
  copying diff_gaussian_rasterization/__init__.py -> build/lib.linux-x86_64-3.9/diff_gaussian_rasterization
  running build_ext
  Traceback (most recent call last):
    File "<string>", line 1, in <module>
    File "/gpfs/scratch1/nodespecific/gcn49/jhuizing.5853436/pip-req-build-mr10g7ta/setup.py", line 17, in <module>
      setup(
    File "/sw/arch/RHEL8/EB_production/2022/software/Anaconda3/2022.05/lib/python3.9/site-packages/setuptools/__init__.py", line 87, in setup
      return distutils.core.setup(**attrs)
    File "/sw/arch/RHEL8/EB_production/2022/software/Anaconda3/2022.05/lib/python3.9/site-packages/setuptools/_distutils/core.py", line 148, in setup
      return run_commands(dist)
    File "/sw/arch/RHEL8/EB_production/2022/software/Anaconda3/2022.05/lib/python3.9/site-packages/setuptools/_distutils/core.py", line 163, in run_commands
      dist.run_commands()
    File "/sw/arch/RHEL8/EB_production/2022/software/Anaconda3/2022.05/lib/python3.9/site-packages/setuptools/_distutils/dist.py", line 967, in run_commands
      self.run_command(cmd)
    File "/sw/arch/RHEL8/EB_production/2022/software/Anaconda3/2022.05/lib/python3.9/site-packages/setuptools/dist.py", line 1214, in run_command
      super().run_command(command)
    File "/sw/arch/RHEL8/EB_production/2022/software/Anaconda3/2022.05/lib/python3.9/site-packages/setuptools/_distutils/dist.py", line 986, in run_command
      cmd_obj.run()
    File "/sw/arch/RHEL8/EB_production/2022/software/Anaconda3/2022.05/lib/python3.9/site-packages/wheel/bdist_wheel.py", line 299, in run
      self.run_command('build')
    File "/sw/arch/RHEL8/EB_production/2022/software/Anaconda3/2022.05/lib/python3.9/site-packages/setuptools/_distutils/cmd.py", line 313, in run_command
      self.distribution.run_command(command)
    File "/sw/arch/RHEL8/EB_production/2022/software/Anaconda3/2022.05/lib/python3.9/site-packages/setuptools/dist.py", line 1214, in run_command
      super().run_command(command)
    File "/sw/arch/RHEL8/EB_production/2022/software/Anaconda3/2022.05/lib/python3.9/site-packages/setuptools/_distutils/dist.py", line 986, in run_command
      cmd_obj.run()
    File "/sw/arch/RHEL8/EB_production/2022/software/Anaconda3/2022.05/lib/python3.9/site-packages/setuptools/_distutils/command/build.py", line 135, in run
      self.run_command(cmd_name)
    File "/sw/arch/RHEL8/EB_production/2022/software/Anaconda3/2022.05/lib/python3.9/site-packages/setuptools/_distutils/cmd.py", line 313, in run_command
      self.distribution.run_command(command)
    File "/sw/arch/RHEL8/EB_production/2022/software/Anaconda3/2022.05/lib/python3.9/site-packages/setuptools/dist.py", line 1214, in run_command
      super().run_command(command)
    File "/sw/arch/RHEL8/EB_production/2022/software/Anaconda3/2022.05/lib/python3.9/site-packages/setuptools/_distutils/dist.py", line 986, in run_command
      cmd_obj.run()
    File "/sw/arch/RHEL8/EB_production/2022/software/Anaconda3/2022.05/lib/python3.9/site-packages/setuptools/command/build_ext.py", line 79, in run
      _build_ext.run(self)
    File "/sw/arch/RHEL8/EB_production/2022/software/Anaconda3/2022.05/lib/python3.9/site-packages/Cython/Distutils/old_build_ext.py", line 186, in run
      _build_ext.build_ext.run(self)
    File "/sw/arch/RHEL8/EB_production/2022/software/Anaconda3/2022.05/lib/python3.9/site-packages/setuptools/_distutils/command/build_ext.py", line 339, in run
      self.build_extensions()
    File "/home/jhuizing/.local/lib/python3.9/site-packages/torch/utils/cpp_extension.py", line 523, in build_extensions
      _check_cuda_version(compiler_name, compiler_version)
    File "/home/jhuizing/.local/lib/python3.9/site-packages/torch/utils/cpp_extension.py", line 414, in _check_cuda_version
      raise RuntimeError(CUDA_MISMATCH_MESSAGE.format(cuda_str_version, torch.version.cuda))
  RuntimeError:
  The detected CUDA version (11.6) mismatches the version that was used to compile
  PyTorch (12.1). Please make sure to use the same CUDA versions.
  
  ----------------------------------------
  ERROR: Failed building wheel for diff-gaussian-rasterization
  Running setup.py clean for diff-gaussian-rasterization
Failed to build diff-gaussian-rasterization
Installing collected packages: diff-gaussian-rasterization
    Running setup.py install for diff-gaussian-rasterization: started
    Running setup.py install for diff-gaussian-rasterization: finished with status 'error'
    ERROR: Command errored out with exit status 1:
     command: /sw/arch/RHEL8/EB_production/2022/software/Anaconda3/2022.05/bin/python -u -c 'import io, os, sys, setuptools, tokenize; sys.argv[0] = '"'"'/gpfs/scratch1/nodespecific/gcn49/jhuizing.5853436/pip-req-build-mr10g7ta/setup.py'"'"'; __file__='"'"'/gpfs/scratch1/nodespecific/gcn49/jhuizing.5853436/pip-req-build-mr10g7ta/setup.py'"'"';f = getattr(tokenize, '"'"'open'"'"', open)(__file__) if os.path.exists(__file__) else io.StringIO('"'"'from setuptools import setup; setup()'"'"');code = f.read().replace('"'"'\r\n'"'"', '"'"'\n'"'"');f.close();exec(compile(code, __file__, '"'"'exec'"'"'))' install --record /gpfs/scratch1/nodespecific/gcn49/jhuizing.5853436/pip-record-u4q3560x/install-record.txt --single-version-externally-managed --user --prefix= --compile --install-headers /home/jhuizing/.local/include/python3.9/diff-gaussian-rasterization
         cwd: /gpfs/scratch1/nodespecific/gcn49/jhuizing.5853436/pip-req-build-mr10g7ta/
    Complete output (58 lines):
    running install
    /sw/arch/RHEL8/EB_production/2022/software/Anaconda3/2022.05/lib/python3.9/site-packages/setuptools/command/install.py:34: SetuptoolsDeprecationWarning: setup.py install is deprecated. Use build and pip and other standards-based tools.
      warnings.warn(
    running build
    running build_py
    creating build
    creating build/lib.linux-x86_64-3.9
    creating build/lib.linux-x86_64-3.9/diff_gaussian_rasterization
    copying diff_gaussian_rasterization/__init__.py -> build/lib.linux-x86_64-3.9/diff_gaussian_rasterization
    running build_ext
    Traceback (most recent call last):
      File "<string>", line 1, in <module>
      File "/gpfs/scratch1/nodespecific/gcn49/jhuizing.5853436/pip-req-build-mr10g7ta/setup.py", line 17, in <module>
        setup(
      File "/sw/arch/RHEL8/EB_production/2022/software/Anaconda3/2022.05/lib/python3.9/site-packages/setuptools/__init__.py", line 87, in setup
        return distutils.core.setup(**attrs)
      File "/sw/arch/RHEL8/EB_production/2022/software/Anaconda3/2022.05/lib/python3.9/site-packages/setuptools/_distutils/core.py", line 148, in setup
        return run_commands(dist)
      File "/sw/arch/RHEL8/EB_production/2022/software/Anaconda3/2022.05/lib/python3.9/site-packages/setuptools/_distutils/core.py", line 163, in run_commands
        dist.run_commands()
      File "/sw/arch/RHEL8/EB_production/2022/software/Anaconda3/2022.05/lib/python3.9/site-packages/setuptools/_distutils/dist.py", line 967, in run_commands
        self.run_command(cmd)
      File "/sw/arch/RHEL8/EB_production/2022/software/Anaconda3/2022.05/lib/python3.9/site-packages/setuptools/dist.py", line 1214, in run_command
        super().run_command(command)
      File "/sw/arch/RHEL8/EB_production/2022/software/Anaconda3/2022.05/lib/python3.9/site-packages/setuptools/_distutils/dist.py", line 986, in run_command
        cmd_obj.run()
      File "/sw/arch/RHEL8/EB_production/2022/software/Anaconda3/2022.05/lib/python3.9/site-packages/setuptools/command/install.py", line 68, in run
        return orig.install.run(self)
      File "/sw/arch/RHEL8/EB_production/2022/software/Anaconda3/2022.05/lib/python3.9/site-packages/setuptools/_distutils/command/install.py", line 664, in run
        self.run_command('build')
      File "/sw/arch/RHEL8/EB_production/2022/software/Anaconda3/2022.05/lib/python3.9/site-packages/setuptools/_distutils/cmd.py", line 313, in run_command
        self.distribution.run_command(command)
      File "/sw/arch/RHEL8/EB_production/2022/software/Anaconda3/2022.05/lib/python3.9/site-packages/setuptools/dist.py", line 1214, in run_command
        super().run_command(command)
      File "/sw/arch/RHEL8/EB_production/2022/software/Anaconda3/2022.05/lib/python3.9/site-packages/setuptools/_distutils/dist.py", line 986, in run_command
        cmd_obj.run()
      File "/sw/arch/RHEL8/EB_production/2022/software/Anaconda3/2022.05/lib/python3.9/site-packages/setuptools/_distutils/command/build.py", line 135, in run
        self.run_command(cmd_name)
      File "/sw/arch/RHEL8/EB_production/2022/software/Anaconda3/2022.05/lib/python3.9/site-packages/setuptools/_distutils/cmd.py", line 313, in run_command
        self.distribution.run_command(command)
      File "/sw/arch/RHEL8/EB_production/2022/software/Anaconda3/2022.05/lib/python3.9/site-packages/setuptools/dist.py", line 1214, in run_command
        super().run_command(command)
      File "/sw/arch/RHEL8/EB_production/2022/software/Anaconda3/2022.05/lib/python3.9/site-packages/setuptools/_distutils/dist.py", line 986, in run_command
        cmd_obj.run()
      File "/sw/arch/RHEL8/EB_production/2022/software/Anaconda3/2022.05/lib/python3.9/site-packages/setuptools/command/build_ext.py", line 79, in run
        _build_ext.run(self)
      File "/sw/arch/RHEL8/EB_production/2022/software/Anaconda3/2022.05/lib/python3.9/site-packages/Cython/Distutils/old_build_ext.py", line 186, in run
        _build_ext.build_ext.run(self)
      File "/sw/arch/RHEL8/EB_production/2022/software/Anaconda3/2022.05/lib/python3.9/site-packages/setuptools/_distutils/command/build_ext.py", line 339, in run
        self.build_extensions()
      File "/home/jhuizing/.local/lib/python3.9/site-packages/torch/utils/cpp_extension.py", line 523, in build_extensions
        _check_cuda_version(compiler_name, compiler_version)
      File "/home/jhuizing/.local/lib/python3.9/site-packages/torch/utils/cpp_extension.py", line 414, in _check_cuda_version
        raise RuntimeError(CUDA_MISMATCH_MESSAGE.format(cuda_str_version, torch.version.cuda))
    RuntimeError:
    The detected CUDA version (11.6) mismatches the version that was used to compile
    PyTorch (12.1). Please make sure to use the same CUDA versions.
    
    ----------------------------------------
ERROR: Command errored out with exit status 1: /sw/arch/RHEL8/EB_production/2022/software/Anaconda3/2022.05/bin/python -u -c 'import io, os, sys, setuptools, tokenize; sys.argv[0] = '"'"'/gpfs/scratch1/nodespecific/gcn49/jhuizing.5853436/pip-req-build-mr10g7ta/setup.py'"'"'; __file__='"'"'/gpfs/scratch1/nodespecific/gcn49/jhuizing.5853436/pip-req-build-mr10g7ta/setup.py'"'"';f = getattr(tokenize, '"'"'open'"'"', open)(__file__) if os.path.exists(__file__) else io.StringIO('"'"'from setuptools import setup; setup()'"'"');code = f.read().replace('"'"'\r\n'"'"', '"'"'\n'"'"');f.close();exec(compile(code, __file__, '"'"'exec'"'"'))' install --record /gpfs/scratch1/nodespecific/gcn49/jhuizing.5853436/pip-record-u4q3560x/install-record.txt --single-version-externally-managed --user --prefix= --compile --install-headers /home/jhuizing/.local/include/python3.9/diff-gaussian-rasterization Check the logs for full command output.
Defaulting to user installation because normal site-packages is not writeable
Processing ./simple-knn
  DEPRECATION: A future pip version will change local packages to be built in-place without first copying to a temporary directory. We recommend you use --use-feature=in-tree-build to test your packages with this new behavior before it becomes the default.
   pip 21.3 will remove support for this functionality. You can find discussion regarding this at https://github.com/pypa/pip/issues/7555.
Building wheels for collected packages: simple-knn
  Building wheel for simple-knn (setup.py): started
  Building wheel for simple-knn (setup.py): finished with status 'error'
  ERROR: Command errored out with exit status 1:
   command: /sw/arch/RHEL8/EB_production/2022/software/Anaconda3/2022.05/bin/python -u -c 'import io, os, sys, setuptools, tokenize; sys.argv[0] = '"'"'/gpfs/scratch1/nodespecific/gcn49/jhuizing.5853436/pip-req-build-pbxp6l5k/setup.py'"'"'; __file__='"'"'/gpfs/scratch1/nodespecific/gcn49/jhuizing.5853436/pip-req-build-pbxp6l5k/setup.py'"'"';f = getattr(tokenize, '"'"'open'"'"', open)(__file__) if os.path.exists(__file__) else io.StringIO('"'"'from setuptools import setup; setup()'"'"');code = f.read().replace('"'"'\r\n'"'"', '"'"'\n'"'"');f.close();exec(compile(code, __file__, '"'"'exec'"'"'))' bdist_wheel -d /gpfs/scratch1/nodespecific/gcn49/jhuizing.5853436/pip-wheel-qel6sldm
       cwd: /gpfs/scratch1/nodespecific/gcn49/jhuizing.5853436/pip-req-build-pbxp6l5k/
  Complete output (49 lines):
  running bdist_wheel
  running build
  running build_ext
  Traceback (most recent call last):
    File "<string>", line 1, in <module>
    File "/gpfs/scratch1/nodespecific/gcn49/jhuizing.5853436/pip-req-build-pbxp6l5k/setup.py", line 21, in <module>
      setup(
    File "/sw/arch/RHEL8/EB_production/2022/software/Anaconda3/2022.05/lib/python3.9/site-packages/setuptools/__init__.py", line 87, in setup
      return distutils.core.setup(**attrs)
    File "/sw/arch/RHEL8/EB_production/2022/software/Anaconda3/2022.05/lib/python3.9/site-packages/setuptools/_distutils/core.py", line 148, in setup
      return run_commands(dist)
    File "/sw/arch/RHEL8/EB_production/2022/software/Anaconda3/2022.05/lib/python3.9/site-packages/setuptools/_distutils/core.py", line 163, in run_commands
      dist.run_commands()
    File "/sw/arch/RHEL8/EB_production/2022/software/Anaconda3/2022.05/lib/python3.9/site-packages/setuptools/_distutils/dist.py", line 967, in run_commands
      self.run_command(cmd)
    File "/sw/arch/RHEL8/EB_production/2022/software/Anaconda3/2022.05/lib/python3.9/site-packages/setuptools/dist.py", line 1214, in run_command
      super().run_command(command)
    File "/sw/arch/RHEL8/EB_production/2022/software/Anaconda3/2022.05/lib/python3.9/site-packages/setuptools/_distutils/dist.py", line 986, in run_command
      cmd_obj.run()
    File "/sw/arch/RHEL8/EB_production/2022/software/Anaconda3/2022.05/lib/python3.9/site-packages/wheel/bdist_wheel.py", line 299, in run
      self.run_command('build')
    File "/sw/arch/RHEL8/EB_production/2022/software/Anaconda3/2022.05/lib/python3.9/site-packages/setuptools/_distutils/cmd.py", line 313, in run_command
      self.distribution.run_command(command)
    File "/sw/arch/RHEL8/EB_production/2022/software/Anaconda3/2022.05/lib/python3.9/site-packages/setuptools/dist.py", line 1214, in run_command
      super().run_command(command)
    File "/sw/arch/RHEL8/EB_production/2022/software/Anaconda3/2022.05/lib/python3.9/site-packages/setuptools/_distutils/dist.py", line 986, in run_command
      cmd_obj.run()
    File "/sw/arch/RHEL8/EB_production/2022/software/Anaconda3/2022.05/lib/python3.9/site-packages/setuptools/_distutils/command/build.py", line 135, in run
      self.run_command(cmd_name)
    File "/sw/arch/RHEL8/EB_production/2022/software/Anaconda3/2022.05/lib/python3.9/site-packages/setuptools/_distutils/cmd.py", line 313, in run_command
      self.distribution.run_command(command)
    File "/sw/arch/RHEL8/EB_production/2022/software/Anaconda3/2022.05/lib/python3.9/site-packages/setuptools/dist.py", line 1214, in run_command
      super().run_command(command)
    File "/sw/arch/RHEL8/EB_production/2022/software/Anaconda3/2022.05/lib/python3.9/site-packages/setuptools/_distutils/dist.py", line 986, in run_command
      cmd_obj.run()
    File "/sw/arch/RHEL8/EB_production/2022/software/Anaconda3/2022.05/lib/python3.9/site-packages/setuptools/command/build_ext.py", line 79, in run
      _build_ext.run(self)
    File "/sw/arch/RHEL8/EB_production/2022/software/Anaconda3/2022.05/lib/python3.9/site-packages/Cython/Distutils/old_build_ext.py", line 186, in run
      _build_ext.build_ext.run(self)
    File "/sw/arch/RHEL8/EB_production/2022/software/Anaconda3/2022.05/lib/python3.9/site-packages/setuptools/_distutils/command/build_ext.py", line 339, in run
      self.build_extensions()
    File "/home/jhuizing/.local/lib/python3.9/site-packages/torch/utils/cpp_extension.py", line 523, in build_extensions
      _check_cuda_version(compiler_name, compiler_version)
    File "/home/jhuizing/.local/lib/python3.9/site-packages/torch/utils/cpp_extension.py", line 414, in _check_cuda_version
      raise RuntimeError(CUDA_MISMATCH_MESSAGE.format(cuda_str_version, torch.version.cuda))
  RuntimeError:
  The detected CUDA version (11.6) mismatches the version that was used to compile
  PyTorch (12.1). Please make sure to use the same CUDA versions.
  
  ----------------------------------------
  ERROR: Failed building wheel for simple-knn
  Running setup.py clean for simple-knn
Failed to build simple-knn
Installing collected packages: simple-knn
    Running setup.py install for simple-knn: started
    Running setup.py install for simple-knn: finished with status 'error'
    ERROR: Command errored out with exit status 1:
     command: /sw/arch/RHEL8/EB_production/2022/software/Anaconda3/2022.05/bin/python -u -c 'import io, os, sys, setuptools, tokenize; sys.argv[0] = '"'"'/gpfs/scratch1/nodespecific/gcn49/jhuizing.5853436/pip-req-build-pbxp6l5k/setup.py'"'"'; __file__='"'"'/gpfs/scratch1/nodespecific/gcn49/jhuizing.5853436/pip-req-build-pbxp6l5k/setup.py'"'"';f = getattr(tokenize, '"'"'open'"'"', open)(__file__) if os.path.exists(__file__) else io.StringIO('"'"'from setuptools import setup; setup()'"'"');code = f.read().replace('"'"'\r\n'"'"', '"'"'\n'"'"');f.close();exec(compile(code, __file__, '"'"'exec'"'"'))' install --record /gpfs/scratch1/nodespecific/gcn49/jhuizing.5853436/pip-record-jqqsa5ox/install-record.txt --single-version-externally-managed --user --prefix= --compile --install-headers /home/jhuizing/.local/include/python3.9/simple-knn
         cwd: /gpfs/scratch1/nodespecific/gcn49/jhuizing.5853436/pip-req-build-pbxp6l5k/
    Complete output (53 lines):
    running install
    /sw/arch/RHEL8/EB_production/2022/software/Anaconda3/2022.05/lib/python3.9/site-packages/setuptools/command/install.py:34: SetuptoolsDeprecationWarning: setup.py install is deprecated. Use build and pip and other standards-based tools.
      warnings.warn(
    running build
    running build_ext
    Traceback (most recent call last):
      File "<string>", line 1, in <module>
      File "/gpfs/scratch1/nodespecific/gcn49/jhuizing.5853436/pip-req-build-pbxp6l5k/setup.py", line 21, in <module>
        setup(
      File "/sw/arch/RHEL8/EB_production/2022/software/Anaconda3/2022.05/lib/python3.9/site-packages/setuptools/__init__.py", line 87, in setup
        return distutils.core.setup(**attrs)
      File "/sw/arch/RHEL8/EB_production/2022/software/Anaconda3/2022.05/lib/python3.9/site-packages/setuptools/_distutils/core.py", line 148, in setup
        return run_commands(dist)
      File "/sw/arch/RHEL8/EB_production/2022/software/Anaconda3/2022.05/lib/python3.9/site-packages/setuptools/_distutils/core.py", line 163, in run_commands
        dist.run_commands()
      File "/sw/arch/RHEL8/EB_production/2022/software/Anaconda3/2022.05/lib/python3.9/site-packages/setuptools/_distutils/dist.py", line 967, in run_commands
        self.run_command(cmd)
      File "/sw/arch/RHEL8/EB_production/2022/software/Anaconda3/2022.05/lib/python3.9/site-packages/setuptools/dist.py", line 1214, in run_command
        super().run_command(command)
      File "/sw/arch/RHEL8/EB_production/2022/software/Anaconda3/2022.05/lib/python3.9/site-packages/setuptools/_distutils/dist.py", line 986, in run_command
        cmd_obj.run()
      File "/sw/arch/RHEL8/EB_production/2022/software/Anaconda3/2022.05/lib/python3.9/site-packages/setuptools/command/install.py", line 68, in run
        return orig.install.run(self)
      File "/sw/arch/RHEL8/EB_production/2022/software/Anaconda3/2022.05/lib/python3.9/site-packages/setuptools/_distutils/command/install.py", line 664, in run
        self.run_command('build')
      File "/sw/arch/RHEL8/EB_production/2022/software/Anaconda3/2022.05/lib/python3.9/site-packages/setuptools/_distutils/cmd.py", line 313, in run_command
        self.distribution.run_command(command)
      File "/sw/arch/RHEL8/EB_production/2022/software/Anaconda3/2022.05/lib/python3.9/site-packages/setuptools/dist.py", line 1214, in run_command
        super().run_command(command)
      File "/sw/arch/RHEL8/EB_production/2022/software/Anaconda3/2022.05/lib/python3.9/site-packages/setuptools/_distutils/dist.py", line 986, in run_command
        cmd_obj.run()
      File "/sw/arch/RHEL8/EB_production/2022/software/Anaconda3/2022.05/lib/python3.9/site-packages/setuptools/_distutils/command/build.py", line 135, in run
        self.run_command(cmd_name)
      File "/sw/arch/RHEL8/EB_production/2022/software/Anaconda3/2022.05/lib/python3.9/site-packages/setuptools/_distutils/cmd.py", line 313, in run_command
        self.distribution.run_command(command)
      File "/sw/arch/RHEL8/EB_production/2022/software/Anaconda3/2022.05/lib/python3.9/site-packages/setuptools/dist.py", line 1214, in run_command
        super().run_command(command)
      File "/sw/arch/RHEL8/EB_production/2022/software/Anaconda3/2022.05/lib/python3.9/site-packages/setuptools/_distutils/dist.py", line 986, in run_command
        cmd_obj.run()
      File "/sw/arch/RHEL8/EB_production/2022/software/Anaconda3/2022.05/lib/python3.9/site-packages/setuptools/command/build_ext.py", line 79, in run
        _build_ext.run(self)
      File "/sw/arch/RHEL8/EB_production/2022/software/Anaconda3/2022.05/lib/python3.9/site-packages/Cython/Distutils/old_build_ext.py", line 186, in run
        _build_ext.build_ext.run(self)
      File "/sw/arch/RHEL8/EB_production/2022/software/Anaconda3/2022.05/lib/python3.9/site-packages/setuptools/_distutils/command/build_ext.py", line 339, in run
        self.build_extensions()
      File "/home/jhuizing/.local/lib/python3.9/site-packages/torch/utils/cpp_extension.py", line 523, in build_extensions
        _check_cuda_version(compiler_name, compiler_version)
      File "/home/jhuizing/.local/lib/python3.9/site-packages/torch/utils/cpp_extension.py", line 414, in _check_cuda_version
        raise RuntimeError(CUDA_MISMATCH_MESSAGE.format(cuda_str_version, torch.version.cuda))
    RuntimeError:
    The detected CUDA version (11.6) mismatches the version that was used to compile
    PyTorch (12.1). Please make sure to use the same CUDA versions.
    
    ----------------------------------------
ERROR: Command errored out with exit status 1: /sw/arch/RHEL8/EB_production/2022/software/Anaconda3/2022.05/bin/python -u -c 'import io, os, sys, setuptools, tokenize; sys.argv[0] = '"'"'/gpfs/scratch1/nodespecific/gcn49/jhuizing.5853436/pip-req-build-pbxp6l5k/setup.py'"'"'; __file__='"'"'/gpfs/scratch1/nodespecific/gcn49/jhuizing.5853436/pip-req-build-pbxp6l5k/setup.py'"'"';f = getattr(tokenize, '"'"'open'"'"', open)(__file__) if os.path.exists(__file__) else io.StringIO('"'"'from setuptools import setup; setup()'"'"');code = f.read().replace('"'"'\r\n'"'"', '"'"'\n'"'"');f.close();exec(compile(code, __file__, '"'"'exec'"'"'))' install --record /gpfs/scratch1/nodespecific/gcn49/jhuizing.5853436/pip-record-jqqsa5ox/install-record.txt --single-version-externally-managed --user --prefix= --compile --install-headers /home/jhuizing/.local/include/python3.9/simple-knn Check the logs for full command output.
Defaulting to user installation because normal site-packages is not writeable
Collecting git+https://github.com/NVlabs/nvdiffrast/
  Cloning https://github.com/NVlabs/nvdiffrast/ to /gpfs/scratch1/nodespecific/gcn49/jhuizing.5853436/pip-req-build-cypn1dm9
  Running command git clone -q https://github.com/NVlabs/nvdiffrast/ /gpfs/scratch1/nodespecific/gcn49/jhuizing.5853436/pip-req-build-cypn1dm9
  Resolved https://github.com/NVlabs/nvdiffrast/ to commit c5caf7bdb8a2448acc491a9faa47753972edd380
Requirement already satisfied: numpy in /gpfs/admin/_hpc/sw/arch/INTEL-AVX512/RHEL8/EB_production/2022/software/Anaconda3/2022.05/lib/python3.9/site-packages (from nvdiffrast==0.3.1) (1.21.5)
Defaulting to user installation because normal site-packages is not writeable
Collecting git+https://github.com/ashawkey/kiuikit
  Cloning https://github.com/ashawkey/kiuikit to /gpfs/scratch1/nodespecific/gcn49/jhuizing.5853436/pip-req-build-5pi9dz95
  Running command git clone -q https://github.com/ashawkey/kiuikit /gpfs/scratch1/nodespecific/gcn49/jhuizing.5853436/pip-req-build-5pi9dz95
  Resolved https://github.com/ashawkey/kiuikit to commit e40f20ce1bbce62317a75afaeb132c5a7a18e34a
Requirement already satisfied: lazy_loader in /gpfs/home6/jhuizing/.local/lib/python3.9/site-packages (from kiui==0.2.7) (0.4)
Requirement already satisfied: varname in /gpfs/home6/jhuizing/.local/lib/python3.9/site-packages (from kiui==0.2.7) (0.13.0)
Requirement already satisfied: objprint in /gpfs/home6/jhuizing/.local/lib/python3.9/site-packages (from kiui==0.2.7) (0.2.3)
Requirement already satisfied: packaging in /gpfs/admin/_hpc/sw/arch/INTEL-AVX512/RHEL8/EB_production/2022/software/Anaconda3/2022.05/lib/python3.9/site-packages (from lazy_loader->kiui==0.2.7) (21.3)
Requirement already satisfied: pyparsing!=3.0.5,>=2.0.2 in /gpfs/admin/_hpc/sw/arch/INTEL-AVX512/RHEL8/EB_production/2022/software/Anaconda3/2022.05/lib/python3.9/site-packages (from packaging->lazy_loader->kiui==0.2.7) (3.0.4)
Requirement already satisfied: executing<3.0,>=2.0 in /gpfs/home6/jhuizing/.local/lib/python3.9/site-packages (from varname->kiui==0.2.7) (2.0.1)
Defaulting to user installation because normal site-packages is not writeable
Collecting git+https://github.com/bytedance/MVDream
  Cloning https://github.com/bytedance/MVDream to /gpfs/scratch1/nodespecific/gcn49/jhuizing.5853436/pip-req-build-bq0orne2
  Running command git clone -q https://github.com/bytedance/MVDream /gpfs/scratch1/nodespecific/gcn49/jhuizing.5853436/pip-req-build-bq0orne2
  Resolved https://github.com/bytedance/MVDream to commit 618f84476c88e04adaf588133be2830142b9956d
Requirement already satisfied: torch in /gpfs/home6/jhuizing/.local/lib/python3.9/site-packages (from mvdream==0.0.1) (2.2.2)
Requirement already satisfied: numpy in /gpfs/admin/_hpc/sw/arch/INTEL-AVX512/RHEL8/EB_production/2022/software/Anaconda3/2022.05/lib/python3.9/site-packages (from mvdream==0.0.1) (1.21.5)
Requirement already satisfied: tqdm in /gpfs/admin/_hpc/sw/arch/INTEL-AVX512/RHEL8/EB_production/2022/software/Anaconda3/2022.05/lib/python3.9/site-packages (from mvdream==0.0.1) (4.64.0)
Requirement already satisfied: omegaconf in /gpfs/home6/jhuizing/.local/lib/python3.9/site-packages (from mvdream==0.0.1) (2.3.0)
Requirement already satisfied: einops in /gpfs/home6/jhuizing/.local/lib/python3.9/site-packages (from mvdream==0.0.1) (0.7.0)
Requirement already satisfied: huggingface_hub in /gpfs/home6/jhuizing/.local/lib/python3.9/site-packages (from mvdream==0.0.1) (0.22.2)
Requirement already satisfied: transformers in /gpfs/home6/jhuizing/.local/lib/python3.9/site-packages (from mvdream==0.0.1) (4.39.3)
Requirement already satisfied: open-clip-torch in /gpfs/home6/jhuizing/.local/lib/python3.9/site-packages (from mvdream==0.0.1) (2.24.0)
Requirement already satisfied: filelock in /gpfs/admin/_hpc/sw/arch/INTEL-AVX512/RHEL8/EB_production/2022/software/Anaconda3/2022.05/lib/python3.9/site-packages (from huggingface_hub->mvdream==0.0.1) (3.6.0)
Requirement already satisfied: packaging>=20.9 in /gpfs/admin/_hpc/sw/arch/INTEL-AVX512/RHEL8/EB_production/2022/software/Anaconda3/2022.05/lib/python3.9/site-packages (from huggingface_hub->mvdream==0.0.1) (21.3)
Requirement already satisfied: typing-extensions>=3.7.4.3 in /gpfs/home6/jhuizing/.local/lib/python3.9/site-packages (from huggingface_hub->mvdream==0.0.1) (4.11.0)
Requirement already satisfied: pyyaml>=5.1 in /gpfs/admin/_hpc/sw/arch/INTEL-AVX512/RHEL8/EB_production/2022/software/Anaconda3/2022.05/lib/python3.9/site-packages (from huggingface_hub->mvdream==0.0.1) (6.0)
Requirement already satisfied: requests in /gpfs/admin/_hpc/sw/arch/INTEL-AVX512/RHEL8/EB_production/2022/software/Anaconda3/2022.05/lib/python3.9/site-packages (from huggingface_hub->mvdream==0.0.1) (2.27.1)
Requirement already satisfied: fsspec>=2023.5.0 in /gpfs/home6/jhuizing/.local/lib/python3.9/site-packages (from huggingface_hub->mvdream==0.0.1) (2024.3.1)
Requirement already satisfied: pyparsing!=3.0.5,>=2.0.2 in /gpfs/admin/_hpc/sw/arch/INTEL-AVX512/RHEL8/EB_production/2022/software/Anaconda3/2022.05/lib/python3.9/site-packages (from packaging>=20.9->huggingface_hub->mvdream==0.0.1) (3.0.4)
Requirement already satisfied: antlr4-python3-runtime==4.9.* in /gpfs/home6/jhuizing/.local/lib/python3.9/site-packages (from omegaconf->mvdream==0.0.1) (4.9.3)
Requirement already satisfied: timm in /gpfs/home6/jhuizing/.local/lib/python3.9/site-packages (from open-clip-torch->mvdream==0.0.1) (0.9.16)
Requirement already satisfied: sentencepiece in /gpfs/home6/jhuizing/.local/lib/python3.9/site-packages (from open-clip-torch->mvdream==0.0.1) (0.2.0)
Requirement already satisfied: regex in /gpfs/admin/_hpc/sw/arch/INTEL-AVX512/RHEL8/EB_production/2022/software/Anaconda3/2022.05/lib/python3.9/site-packages (from open-clip-torch->mvdream==0.0.1) (2022.3.15)
Requirement already satisfied: protobuf in /gpfs/admin/_hpc/sw/arch/INTEL-AVX512/RHEL8/EB_production/2022/software/Anaconda3/2022.05/lib/python3.9/site-packages (from open-clip-torch->mvdream==0.0.1) (3.19.1)
Requirement already satisfied: torchvision in /gpfs/home6/jhuizing/.local/lib/python3.9/site-packages (from open-clip-torch->mvdream==0.0.1) (0.17.2)
Requirement already satisfied: ftfy in /gpfs/home6/jhuizing/.local/lib/python3.9/site-packages (from open-clip-torch->mvdream==0.0.1) (6.2.0)
Requirement already satisfied: nvidia-cusolver-cu12==11.4.5.107 in /gpfs/home6/jhuizing/.local/lib/python3.9/site-packages (from torch->mvdream==0.0.1) (11.4.5.107)
Requirement already satisfied: nvidia-nccl-cu12==2.19.3 in /gpfs/home6/jhuizing/.local/lib/python3.9/site-packages (from torch->mvdream==0.0.1) (2.19.3)
Requirement already satisfied: nvidia-nvtx-cu12==12.1.105 in /gpfs/home6/jhuizing/.local/lib/python3.9/site-packages (from torch->mvdream==0.0.1) (12.1.105)
Requirement already satisfied: networkx in /gpfs/admin/_hpc/sw/arch/INTEL-AVX512/RHEL8/EB_production/2022/software/Anaconda3/2022.05/lib/python3.9/site-packages (from torch->mvdream==0.0.1) (2.7.1)
Requirement already satisfied: nvidia-cusparse-cu12==12.1.0.106 in /gpfs/home6/jhuizing/.local/lib/python3.9/site-packages (from torch->mvdream==0.0.1) (12.1.0.106)
Requirement already satisfied: nvidia-cudnn-cu12==8.9.2.26 in /gpfs/home6/jhuizing/.local/lib/python3.9/site-packages (from torch->mvdream==0.0.1) (8.9.2.26)
Requirement already satisfied: jinja2 in /gpfs/admin/_hpc/sw/arch/INTEL-AVX512/RHEL8/EB_production/2022/software/Anaconda3/2022.05/lib/python3.9/site-packages (from torch->mvdream==0.0.1) (2.11.3)
Requirement already satisfied: nvidia-cuda-runtime-cu12==12.1.105 in /gpfs/home6/jhuizing/.local/lib/python3.9/site-packages (from torch->mvdream==0.0.1) (12.1.105)
Requirement already satisfied: sympy in /gpfs/admin/_hpc/sw/arch/INTEL-AVX512/RHEL8/EB_production/2022/software/Anaconda3/2022.05/lib/python3.9/site-packages (from torch->mvdream==0.0.1) (1.10.1)
Requirement already satisfied: nvidia-cuda-cupti-cu12==12.1.105 in /gpfs/home6/jhuizing/.local/lib/python3.9/site-packages (from torch->mvdream==0.0.1) (12.1.105)
Requirement already satisfied: nvidia-curand-cu12==10.3.2.106 in /gpfs/home6/jhuizing/.local/lib/python3.9/site-packages (from torch->mvdream==0.0.1) (10.3.2.106)
Requirement already satisfied: nvidia-cuda-nvrtc-cu12==12.1.105 in /gpfs/home6/jhuizing/.local/lib/python3.9/site-packages (from torch->mvdream==0.0.1) (12.1.105)
Requirement already satisfied: nvidia-cufft-cu12==11.0.2.54 in /gpfs/home6/jhuizing/.local/lib/python3.9/site-packages (from torch->mvdream==0.0.1) (11.0.2.54)
Requirement already satisfied: nvidia-cublas-cu12==12.1.3.1 in /gpfs/home6/jhuizing/.local/lib/python3.9/site-packages (from torch->mvdream==0.0.1) (12.1.3.1)
Requirement already satisfied: triton==2.2.0 in /gpfs/home6/jhuizing/.local/lib/python3.9/site-packages (from torch->mvdream==0.0.1) (2.2.0)
Requirement already satisfied: nvidia-nvjitlink-cu12 in /gpfs/home6/jhuizing/.local/lib/python3.9/site-packages (from nvidia-cusolver-cu12==11.4.5.107->torch->mvdream==0.0.1) (12.4.127)
Requirement already satisfied: wcwidth<0.3.0,>=0.2.12 in /gpfs/home6/jhuizing/.local/lib/python3.9/site-packages (from ftfy->open-clip-torch->mvdream==0.0.1) (0.2.13)
Requirement already satisfied: MarkupSafe>=0.23 in /gpfs/admin/_hpc/sw/arch/INTEL-AVX512/RHEL8/EB_production/2022/software/Anaconda3/2022.05/lib/python3.9/site-packages (from jinja2->torch->mvdream==0.0.1) (2.0.1)
Requirement already satisfied: idna<4,>=2.5 in /gpfs/admin/_hpc/sw/arch/INTEL-AVX512/RHEL8/EB_production/2022/software/Anaconda3/2022.05/lib/python3.9/site-packages (from requests->huggingface_hub->mvdream==0.0.1) (3.3)
Requirement already satisfied: charset-normalizer~=2.0.0 in /gpfs/admin/_hpc/sw/arch/INTEL-AVX512/RHEL8/EB_production/2022/software/Anaconda3/2022.05/lib/python3.9/site-packages (from requests->huggingface_hub->mvdream==0.0.1) (2.0.4)
Requirement already satisfied: certifi>=2017.4.17 in /gpfs/admin/_hpc/sw/arch/INTEL-AVX512/RHEL8/EB_production/2022/software/Anaconda3/2022.05/lib/python3.9/site-packages (from requests->huggingface_hub->mvdream==0.0.1) (2021.10.8)
Requirement already satisfied: urllib3<1.27,>=1.21.1 in /gpfs/admin/_hpc/sw/arch/INTEL-AVX512/RHEL8/EB_production/2022/software/Anaconda3/2022.05/lib/python3.9/site-packages (from requests->huggingface_hub->mvdream==0.0.1) (1.26.9)
Requirement already satisfied: mpmath>=0.19 in /gpfs/admin/_hpc/sw/arch/INTEL-AVX512/RHEL8/EB_production/2022/software/Anaconda3/2022.05/lib/python3.9/site-packages (from sympy->torch->mvdream==0.0.1) (1.2.1)
Requirement already satisfied: safetensors in /gpfs/home6/jhuizing/.local/lib/python3.9/site-packages (from timm->open-clip-torch->mvdream==0.0.1) (0.4.2)
Requirement already satisfied: pillow!=8.3.*,>=5.3.0 in /gpfs/admin/_hpc/sw/arch/INTEL-AVX512/RHEL8/EB_production/2022/software/Anaconda3/2022.05/lib/python3.9/site-packages (from torchvision->open-clip-torch->mvdream==0.0.1) (9.0.1)
Requirement already satisfied: tokenizers<0.19,>=0.14 in /gpfs/home6/jhuizing/.local/lib/python3.9/site-packages (from transformers->mvdream==0.0.1) (0.15.2)
Defaulting to user installation because normal site-packages is not writeable
Collecting git+https://github.com/bytedance/ImageDream/#subdirectory=extern/ImageDream
  Cloning https://github.com/bytedance/ImageDream/ to /gpfs/scratch1/nodespecific/gcn49/jhuizing.5853436/pip-req-build-ekdq23x6
  Running command git clone -q https://github.com/bytedance/ImageDream/ /gpfs/scratch1/nodespecific/gcn49/jhuizing.5853436/pip-req-build-ekdq23x6
  Resolved https://github.com/bytedance/ImageDream/ to commit 26c3972e586f0c8d2f6c6b297aa9d792d06abebb
Requirement already satisfied: torch in /gpfs/home6/jhuizing/.local/lib/python3.9/site-packages (from imagedream==0.0.1) (2.2.2)
Requirement already satisfied: numpy in /gpfs/admin/_hpc/sw/arch/INTEL-AVX512/RHEL8/EB_production/2022/software/Anaconda3/2022.05/lib/python3.9/site-packages (from imagedream==0.0.1) (1.21.5)
Requirement already satisfied: tqdm in /gpfs/admin/_hpc/sw/arch/INTEL-AVX512/RHEL8/EB_production/2022/software/Anaconda3/2022.05/lib/python3.9/site-packages (from imagedream==0.0.1) (4.64.0)
Requirement already satisfied: omegaconf in /gpfs/home6/jhuizing/.local/lib/python3.9/site-packages (from imagedream==0.0.1) (2.3.0)
Requirement already satisfied: einops in /gpfs/home6/jhuizing/.local/lib/python3.9/site-packages (from imagedream==0.0.1) (0.7.0)
Requirement already satisfied: huggingface_hub in /gpfs/home6/jhuizing/.local/lib/python3.9/site-packages (from imagedream==0.0.1) (0.22.2)
Requirement already satisfied: transformers in /gpfs/home6/jhuizing/.local/lib/python3.9/site-packages (from imagedream==0.0.1) (4.39.3)
Requirement already satisfied: open-clip-torch in /gpfs/home6/jhuizing/.local/lib/python3.9/site-packages (from imagedream==0.0.1) (2.24.0)
Requirement already satisfied: pyyaml>=5.1 in /gpfs/admin/_hpc/sw/arch/INTEL-AVX512/RHEL8/EB_production/2022/software/Anaconda3/2022.05/lib/python3.9/site-packages (from huggingface_hub->imagedream==0.0.1) (6.0)
Requirement already satisfied: requests in /gpfs/admin/_hpc/sw/arch/INTEL-AVX512/RHEL8/EB_production/2022/software/Anaconda3/2022.05/lib/python3.9/site-packages (from huggingface_hub->imagedream==0.0.1) (2.27.1)
Requirement already satisfied: filelock in /gpfs/admin/_hpc/sw/arch/INTEL-AVX512/RHEL8/EB_production/2022/software/Anaconda3/2022.05/lib/python3.9/site-packages (from huggingface_hub->imagedream==0.0.1) (3.6.0)
Requirement already satisfied: typing-extensions>=3.7.4.3 in /gpfs/home6/jhuizing/.local/lib/python3.9/site-packages (from huggingface_hub->imagedream==0.0.1) (4.11.0)
Requirement already satisfied: fsspec>=2023.5.0 in /gpfs/home6/jhuizing/.local/lib/python3.9/site-packages (from huggingface_hub->imagedream==0.0.1) (2024.3.1)
Requirement already satisfied: packaging>=20.9 in /gpfs/admin/_hpc/sw/arch/INTEL-AVX512/RHEL8/EB_production/2022/software/Anaconda3/2022.05/lib/python3.9/site-packages (from huggingface_hub->imagedream==0.0.1) (21.3)
Requirement already satisfied: pyparsing!=3.0.5,>=2.0.2 in /gpfs/admin/_hpc/sw/arch/INTEL-AVX512/RHEL8/EB_production/2022/software/Anaconda3/2022.05/lib/python3.9/site-packages (from packaging>=20.9->huggingface_hub->imagedream==0.0.1) (3.0.4)
Requirement already satisfied: antlr4-python3-runtime==4.9.* in /gpfs/home6/jhuizing/.local/lib/python3.9/site-packages (from omegaconf->imagedream==0.0.1) (4.9.3)
Requirement already satisfied: torchvision in /gpfs/home6/jhuizing/.local/lib/python3.9/site-packages (from open-clip-torch->imagedream==0.0.1) (0.17.2)
Requirement already satisfied: protobuf in /gpfs/admin/_hpc/sw/arch/INTEL-AVX512/RHEL8/EB_production/2022/software/Anaconda3/2022.05/lib/python3.9/site-packages (from open-clip-torch->imagedream==0.0.1) (3.19.1)
Requirement already satisfied: timm in /gpfs/home6/jhuizing/.local/lib/python3.9/site-packages (from open-clip-torch->imagedream==0.0.1) (0.9.16)
Requirement already satisfied: sentencepiece in /gpfs/home6/jhuizing/.local/lib/python3.9/site-packages (from open-clip-torch->imagedream==0.0.1) (0.2.0)
Requirement already satisfied: regex in /gpfs/admin/_hpc/sw/arch/INTEL-AVX512/RHEL8/EB_production/2022/software/Anaconda3/2022.05/lib/python3.9/site-packages (from open-clip-torch->imagedream==0.0.1) (2022.3.15)
Requirement already satisfied: ftfy in /gpfs/home6/jhuizing/.local/lib/python3.9/site-packages (from open-clip-torch->imagedream==0.0.1) (6.2.0)
Requirement already satisfied: sympy in /gpfs/admin/_hpc/sw/arch/INTEL-AVX512/RHEL8/EB_production/2022/software/Anaconda3/2022.05/lib/python3.9/site-packages (from torch->imagedream==0.0.1) (1.10.1)
Requirement already satisfied: nvidia-cudnn-cu12==8.9.2.26 in /gpfs/home6/jhuizing/.local/lib/python3.9/site-packages (from torch->imagedream==0.0.1) (8.9.2.26)
Requirement already satisfied: networkx in /gpfs/admin/_hpc/sw/arch/INTEL-AVX512/RHEL8/EB_production/2022/software/Anaconda3/2022.05/lib/python3.9/site-packages (from torch->imagedream==0.0.1) (2.7.1)
Requirement already satisfied: nvidia-cublas-cu12==12.1.3.1 in /gpfs/home6/jhuizing/.local/lib/python3.9/site-packages (from torch->imagedream==0.0.1) (12.1.3.1)
Requirement already satisfied: nvidia-cuda-nvrtc-cu12==12.1.105 in /gpfs/home6/jhuizing/.local/lib/python3.9/site-packages (from torch->imagedream==0.0.1) (12.1.105)
Requirement already satisfied: jinja2 in /gpfs/admin/_hpc/sw/arch/INTEL-AVX512/RHEL8/EB_production/2022/software/Anaconda3/2022.05/lib/python3.9/site-packages (from torch->imagedream==0.0.1) (2.11.3)
Requirement already satisfied: nvidia-curand-cu12==10.3.2.106 in /gpfs/home6/jhuizing/.local/lib/python3.9/site-packages (from torch->imagedream==0.0.1) (10.3.2.106)
Requirement already satisfied: nvidia-cuda-runtime-cu12==12.1.105 in /gpfs/home6/jhuizing/.local/lib/python3.9/site-packages (from torch->imagedream==0.0.1) (12.1.105)
Requirement already satisfied: nvidia-nccl-cu12==2.19.3 in /gpfs/home6/jhuizing/.local/lib/python3.9/site-packages (from torch->imagedream==0.0.1) (2.19.3)
Requirement already satisfied: nvidia-cufft-cu12==11.0.2.54 in /gpfs/home6/jhuizing/.local/lib/python3.9/site-packages (from torch->imagedream==0.0.1) (11.0.2.54)
Requirement already satisfied: triton==2.2.0 in /gpfs/home6/jhuizing/.local/lib/python3.9/site-packages (from torch->imagedream==0.0.1) (2.2.0)
Requirement already satisfied: nvidia-cuda-cupti-cu12==12.1.105 in /gpfs/home6/jhuizing/.local/lib/python3.9/site-packages (from torch->imagedream==0.0.1) (12.1.105)
Requirement already satisfied: nvidia-cusolver-cu12==11.4.5.107 in /gpfs/home6/jhuizing/.local/lib/python3.9/site-packages (from torch->imagedream==0.0.1) (11.4.5.107)
Requirement already satisfied: nvidia-nvtx-cu12==12.1.105 in /gpfs/home6/jhuizing/.local/lib/python3.9/site-packages (from torch->imagedream==0.0.1) (12.1.105)
Requirement already satisfied: nvidia-cusparse-cu12==12.1.0.106 in /gpfs/home6/jhuizing/.local/lib/python3.9/site-packages (from torch->imagedream==0.0.1) (12.1.0.106)
Requirement already satisfied: nvidia-nvjitlink-cu12 in /gpfs/home6/jhuizing/.local/lib/python3.9/site-packages (from nvidia-cusolver-cu12==11.4.5.107->torch->imagedream==0.0.1) (12.4.127)
Requirement already satisfied: wcwidth<0.3.0,>=0.2.12 in /gpfs/home6/jhuizing/.local/lib/python3.9/site-packages (from ftfy->open-clip-torch->imagedream==0.0.1) (0.2.13)
Requirement already satisfied: MarkupSafe>=0.23 in /gpfs/admin/_hpc/sw/arch/INTEL-AVX512/RHEL8/EB_production/2022/software/Anaconda3/2022.05/lib/python3.9/site-packages (from jinja2->torch->imagedream==0.0.1) (2.0.1)
Requirement already satisfied: urllib3<1.27,>=1.21.1 in /gpfs/admin/_hpc/sw/arch/INTEL-AVX512/RHEL8/EB_production/2022/software/Anaconda3/2022.05/lib/python3.9/site-packages (from requests->huggingface_hub->imagedream==0.0.1) (1.26.9)
Requirement already satisfied: charset-normalizer~=2.0.0 in /gpfs/admin/_hpc/sw/arch/INTEL-AVX512/RHEL8/EB_production/2022/software/Anaconda3/2022.05/lib/python3.9/site-packages (from requests->huggingface_hub->imagedream==0.0.1) (2.0.4)
Requirement already satisfied: certifi>=2017.4.17 in /gpfs/admin/_hpc/sw/arch/INTEL-AVX512/RHEL8/EB_production/2022/software/Anaconda3/2022.05/lib/python3.9/site-packages (from requests->huggingface_hub->imagedream==0.0.1) (2021.10.8)
Requirement already satisfied: idna<4,>=2.5 in /gpfs/admin/_hpc/sw/arch/INTEL-AVX512/RHEL8/EB_production/2022/software/Anaconda3/2022.05/lib/python3.9/site-packages (from requests->huggingface_hub->imagedream==0.0.1) (3.3)
Requirement already satisfied: mpmath>=0.19 in /gpfs/admin/_hpc/sw/arch/INTEL-AVX512/RHEL8/EB_production/2022/software/Anaconda3/2022.05/lib/python3.9/site-packages (from sympy->torch->imagedream==0.0.1) (1.2.1)
Requirement already satisfied: safetensors in /gpfs/home6/jhuizing/.local/lib/python3.9/site-packages (from timm->open-clip-torch->imagedream==0.0.1) (0.4.2)
Requirement already satisfied: pillow!=8.3.*,>=5.3.0 in /gpfs/admin/_hpc/sw/arch/INTEL-AVX512/RHEL8/EB_production/2022/software/Anaconda3/2022.05/lib/python3.9/site-packages (from torchvision->open-clip-torch->imagedream==0.0.1) (9.0.1)
Requirement already satisfied: tokenizers<0.19,>=0.14 in /gpfs/home6/jhuizing/.local/lib/python3.9/site-packages (from transformers->imagedream==0.0.1) (0.15.2)

JOB STATISTICS
==============
Job ID: 5853436
Cluster: snellius
User/Group: jhuizing/jhuizing
State: COMPLETED (exit code 0)
Nodes: 1
Cores per node: 18
CPU Utilized: 00:01:32
CPU Efficiency: 3.34% of 00:45:54 core-walltime
Job Wall-clock time: 00:02:33
Memory Utilized: 347.43 MB
Memory Efficiency: 0.28% of 120.00 GB
